2024-04-09 10:56:03 [restartedMain] INFO  m.i.webservice.WebserviceApplication - Starting WebserviceApplication using Java 1.8.0_292 on WPG02VBMJ with PID 25480 (started by xxmonise in C:\DLTE-Java-Full-Stack-ElroyMerwynMonis-2024\DLTE-MyBank-Project\MyBank-Insurance-WebService)
2024-04-09 10:56:03 [restartedMain] INFO  m.i.webservice.WebserviceApplication - No active profile set, falling back to 1 default profile: "default"
2024-04-09 10:56:04 [restartedMain] INFO  o.s.d.r.c.RepositoryConfigurationDelegate - Bootstrapping Spring Data JDBC repositories in DEFAULT mode.
2024-04-09 10:56:04 [restartedMain] INFO  o.s.d.r.c.RepositoryConfigurationDelegate - Finished Spring Data repository scanning in 2 ms. Found 0 JDBC repository interfaces.
2024-04-09 10:56:04 [restartedMain] INFO  o.s.c.s.PostProcessorRegistrationDelegate$BeanPostProcessorChecker - Bean 'org.springframework.ws.config.annotation.DelegatingWsConfiguration' of type [org.springframework.ws.config.annotation.DelegatingWsConfiguration$$EnhancerBySpringCGLIB$$fef1f1e7] is not eligible for getting processed by all BeanPostProcessors (for example: not eligible for auto-proxying)
2024-04-09 10:56:04 [restartedMain] INFO  o.s.w.s.a.s.AnnotationActionEndpointMapping - Supporting [WS-Addressing August 2004, WS-Addressing 1.0]
2024-04-09 10:56:05 [restartedMain] INFO  o.s.b.w.e.tomcat.TomcatWebServer - Tomcat initialized with port(s): 8083 (http)
2024-04-09 10:56:05 [restartedMain] INFO  o.a.catalina.core.StandardService - Starting service [Tomcat]
2024-04-09 10:56:05 [restartedMain] INFO  o.a.catalina.core.StandardEngine - Starting Servlet engine: [Apache Tomcat/9.0.73]
2024-04-09 10:56:05 [restartedMain] INFO  o.a.c.c.C.[Tomcat].[localhost].[/] - Initializing Spring embedded WebApplicationContext
2024-04-09 10:56:05 [restartedMain] INFO  o.s.b.w.s.c.ServletWebServerApplicationContext - Root WebApplicationContext: initialization completed in 1195 ms
2024-04-09 10:56:05 [restartedMain] INFO  com.zaxxer.hikari.HikariDataSource - HikariPool-2 - Starting...
2024-04-09 10:56:05 [restartedMain] WARN  c.z.hikari.util.DriverDataSource - Registered driver with driverClassName=oracle.jdbc.driver.OracleDriver was not found, trying direct instantiation.
2024-04-09 10:56:05 [restartedMain] INFO  com.zaxxer.hikari.pool.PoolBase - HikariPool-2 - Driver does not support get/set network timeout for connections. (oracle.jdbc.driver.T4CConnection.getNetworkTimeout()I)
2024-04-09 10:56:05 [restartedMain] INFO  com.zaxxer.hikari.HikariDataSource - HikariPool-2 - Start completed.
2024-04-09 10:56:05 [restartedMain] INFO  o.s.b.d.a.OptionalLiveReloadServer - LiveReload server is running on port 35729
2024-04-09 10:56:05 [restartedMain] INFO  o.s.b.w.e.tomcat.TomcatWebServer - Tomcat started on port(s): 8083 (http) with context path ''
2024-04-09 10:56:05 [restartedMain] INFO  m.i.webservice.WebserviceApplication - Started WebserviceApplication in 1.991 seconds (JVM running for 2548.817)
2024-04-09 10:56:07 [File Watcher] INFO  o.s.b.d.a.LocalDevToolsAutoConfiguration$RestartingClassPathChangeChangedEventListener - Restarting due to 2 class path changes (2 additions, 0 deletions, 0 modifications)
2024-04-09 10:56:07 [Thread-27] INFO  o.a.catalina.core.StandardService - Stopping service [Tomcat]
2024-04-09 10:56:07 [Thread-27] INFO  com.zaxxer.hikari.HikariDataSource - HikariPool-2 - Shutdown initiated...
2024-04-09 10:56:07 [Thread-27] INFO  com.zaxxer.hikari.HikariDataSource - HikariPool-2 - Shutdown completed.
