2024-04-11 10:27:34 [main] INFO  m.i.w.InsuranceAvailedRestTest - Starting InsuranceAvailedRestTest using Java 1.8.0_292 on WPG02VBMJ with PID 25448 (started by xxmonise in C:\DLTE-Java-Full-Stack-ElroyMerwynMonis-2024\DLTE-MyBank-Project\MyBank-Insurance-WebService)
2024-04-11 10:27:34 [main] INFO  m.i.w.InsuranceAvailedRestTest - No active profile set, falling back to 1 default profile: "default"
2024-04-11 10:27:36 [main] INFO  o.s.d.r.c.RepositoryConfigurationDelegate - Bootstrapping Spring Data JDBC repositories in DEFAULT mode.
2024-04-11 10:27:36 [main] INFO  o.s.d.r.c.RepositoryConfigurationDelegate - Finished Spring Data repository scanning in 60 ms. Found 0 JDBC repository interfaces.
2024-04-11 10:27:37 [main] INFO  o.s.c.s.PostProcessorRegistrationDelegate$BeanPostProcessorChecker - Bean 'soapServiceConfiguration' of type [mybank.insurance.webservice.soap.configs.SoapServiceConfiguration$$EnhancerBySpringCGLIB$$2268c61b] is not eligible for getting processed by all BeanPostProcessors (for example: not eligible for auto-proxying)
2024-04-11 10:27:37 [main] INFO  o.s.c.s.PostProcessorRegistrationDelegate$BeanPostProcessorChecker - Bean 'org.springframework.ws.config.annotation.DelegatingWsConfiguration' of type [org.springframework.ws.config.annotation.DelegatingWsConfiguration$$EnhancerBySpringCGLIB$$eae6681c] is not eligible for getting processed by all BeanPostProcessors (for example: not eligible for auto-proxying)
2024-04-11 10:27:38 [main] INFO  o.s.w.s.a.s.AnnotationActionEndpointMapping - Supporting [WS-Addressing August 2004, WS-Addressing 1.0]
2024-04-11 10:27:45 [main] INFO  com.zaxxer.hikari.HikariDataSource - HikariPool-1 - Starting...
2024-04-11 10:27:45 [main] WARN  c.z.hikari.util.DriverDataSource - Registered driver with driverClassName=oracle.jdbc.driver.OracleDriver was not found, trying direct instantiation.
2024-04-11 10:27:46 [main] INFO  com.zaxxer.hikari.pool.PoolBase - HikariPool-1 - Driver does not support get/set network timeout for connections. (oracle.jdbc.driver.T4CConnection.getNetworkTimeout()I)
2024-04-11 10:27:46 [main] INFO  com.zaxxer.hikari.HikariDataSource - HikariPool-1 - Start completed.
2024-04-11 10:27:47 [main] INFO  m.i.w.InsuranceAvailedRestTest - Started InsuranceAvailedRestTest in 14.028 seconds (JVM running for 16.317)
2024-04-11 10:27:48 [main] ERROR m.i.w.r.c.InsuranceController - Failed to save insurance availed: java.sql.SQLException
2024-04-11 10:27:48 [SpringApplicationShutdownHook] INFO  com.zaxxer.hikari.HikariDataSource - HikariPool-1 - Shutdown initiated...
2024-04-11 10:27:48 [SpringApplicationShutdownHook] INFO  com.zaxxer.hikari.HikariDataSource - HikariPool-1 - Shutdown completed.
2024-04-11 10:29:55 [main] INFO  m.i.w.InsuranceAvailedRestTest - Starting InsuranceAvailedRestTest using Java 1.8.0_292 on WPG02VBMJ with PID 25592 (started by xxmonise in C:\DLTE-Java-Full-Stack-ElroyMerwynMonis-2024\DLTE-MyBank-Project\MyBank-Insurance-WebService)
2024-04-11 10:29:55 [main] INFO  m.i.w.InsuranceAvailedRestTest - No active profile set, falling back to 1 default profile: "default"
2024-04-11 10:29:56 [main] INFO  o.s.d.r.c.RepositoryConfigurationDelegate - Bootstrapping Spring Data JDBC repositories in DEFAULT mode.
2024-04-11 10:29:56 [main] INFO  o.s.d.r.c.RepositoryConfigurationDelegate - Finished Spring Data repository scanning in 11 ms. Found 0 JDBC repository interfaces.
2024-04-11 10:29:56 [main] INFO  o.s.c.s.PostProcessorRegistrationDelegate$BeanPostProcessorChecker - Bean 'soapServiceConfiguration' of type [mybank.insurance.webservice.soap.configs.SoapServiceConfiguration$$EnhancerBySpringCGLIB$$edbaeb2f] is not eligible for getting processed by all BeanPostProcessors (for example: not eligible for auto-proxying)
2024-04-11 10:29:56 [main] INFO  o.s.c.s.PostProcessorRegistrationDelegate$BeanPostProcessorChecker - Bean 'org.springframework.ws.config.annotation.DelegatingWsConfiguration' of type [org.springframework.ws.config.annotation.DelegatingWsConfiguration$$EnhancerBySpringCGLIB$$b6388d30] is not eligible for getting processed by all BeanPostProcessors (for example: not eligible for auto-proxying)
2024-04-11 10:29:56 [main] INFO  o.s.w.s.a.s.AnnotationActionEndpointMapping - Supporting [WS-Addressing August 2004, WS-Addressing 1.0]
2024-04-11 10:30:02 [main] INFO  com.zaxxer.hikari.HikariDataSource - HikariPool-1 - Starting...
2024-04-11 10:30:02 [main] WARN  c.z.hikari.util.DriverDataSource - Registered driver with driverClassName=oracle.jdbc.driver.OracleDriver was not found, trying direct instantiation.
2024-04-11 10:30:04 [main] INFO  com.zaxxer.hikari.pool.PoolBase - HikariPool-1 - Driver does not support get/set network timeout for connections. (oracle.jdbc.driver.T4CConnection.getNetworkTimeout()I)
2024-04-11 10:30:04 [main] INFO  com.zaxxer.hikari.HikariDataSource - HikariPool-1 - Start completed.
2024-04-11 10:30:06 [main] INFO  m.i.w.InsuranceAvailedRestTest - Started InsuranceAvailedRestTest in 11.801 seconds (JVM running for 14.05)
2024-04-11 10:30:08 [SpringApplicationShutdownHook] INFO  com.zaxxer.hikari.HikariDataSource - HikariPool-1 - Shutdown initiated...
2024-04-11 10:30:08 [SpringApplicationShutdownHook] INFO  com.zaxxer.hikari.HikariDataSource - HikariPool-1 - Shutdown completed.
2024-04-11 10:32:14 [main] INFO  m.i.w.InsuranceAvailedRestTest - Starting InsuranceAvailedRestTest using Java 1.8.0_292 on WPG02VBMJ with PID 12896 (started by xxmonise in C:\DLTE-Java-Full-Stack-ElroyMerwynMonis-2024\DLTE-MyBank-Project\MyBank-Insurance-WebService)
2024-04-11 10:32:14 [main] INFO  m.i.w.InsuranceAvailedRestTest - No active profile set, falling back to 1 default profile: "default"
2024-04-11 10:32:15 [main] INFO  o.s.d.r.c.RepositoryConfigurationDelegate - Bootstrapping Spring Data JDBC repositories in DEFAULT mode.
2024-04-11 10:32:15 [main] INFO  o.s.d.r.c.RepositoryConfigurationDelegate - Finished Spring Data repository scanning in 13 ms. Found 0 JDBC repository interfaces.
2024-04-11 10:32:16 [main] INFO  o.s.c.s.PostProcessorRegistrationDelegate$BeanPostProcessorChecker - Bean 'soapServiceConfiguration' of type [mybank.insurance.webservice.soap.configs.SoapServiceConfiguration$$EnhancerBySpringCGLIB$$87da96ec] is not eligible for getting processed by all BeanPostProcessors (for example: not eligible for auto-proxying)
2024-04-11 10:32:16 [main] INFO  o.s.c.s.PostProcessorRegistrationDelegate$BeanPostProcessorChecker - Bean 'org.springframework.ws.config.annotation.DelegatingWsConfiguration' of type [org.springframework.ws.config.annotation.DelegatingWsConfiguration$$EnhancerBySpringCGLIB$$505838ed] is not eligible for getting processed by all BeanPostProcessors (for example: not eligible for auto-proxying)
2024-04-11 10:32:16 [main] INFO  o.s.w.s.a.s.AnnotationActionEndpointMapping - Supporting [WS-Addressing August 2004, WS-Addressing 1.0]
2024-04-11 10:32:24 [main] INFO  com.zaxxer.hikari.HikariDataSource - HikariPool-1 - Starting...
2024-04-11 10:32:24 [main] WARN  c.z.hikari.util.DriverDataSource - Registered driver with driverClassName=oracle.jdbc.driver.OracleDriver was not found, trying direct instantiation.
2024-04-11 10:32:25 [main] INFO  com.zaxxer.hikari.pool.PoolBase - HikariPool-1 - Driver does not support get/set network timeout for connections. (oracle.jdbc.driver.T4CConnection.getNetworkTimeout()I)
2024-04-11 10:32:25 [main] INFO  com.zaxxer.hikari.HikariDataSource - HikariPool-1 - Start completed.
2024-04-11 10:32:26 [main] INFO  m.i.w.InsuranceAvailedRestTest - Started InsuranceAvailedRestTest in 12.109 seconds (JVM running for 14.202)
2024-04-11 10:32:26 [main] ERROR m.i.w.r.c.InsuranceController - Failed to save insurance availed: java.sql.SQLException
2024-04-11 10:32:27 [SpringApplicationShutdownHook] INFO  com.zaxxer.hikari.HikariDataSource - HikariPool-1 - Shutdown initiated...
2024-04-11 10:32:27 [SpringApplicationShutdownHook] INFO  com.zaxxer.hikari.HikariDataSource - HikariPool-1 - Shutdown completed.
2024-04-11 10:33:32 [main] INFO  m.i.w.InsuranceAvailedRestTest - Starting InsuranceAvailedRestTest using Java 1.8.0_292 on WPG02VBMJ with PID 4888 (started by xxmonise in C:\DLTE-Java-Full-Stack-ElroyMerwynMonis-2024\DLTE-MyBank-Project\MyBank-Insurance-WebService)
2024-04-11 10:33:32 [main] INFO  m.i.w.InsuranceAvailedRestTest - No active profile set, falling back to 1 default profile: "default"
2024-04-11 10:33:34 [main] INFO  o.s.d.r.c.RepositoryConfigurationDelegate - Bootstrapping Spring Data JDBC repositories in DEFAULT mode.
2024-04-11 10:33:34 [main] INFO  o.s.d.r.c.RepositoryConfigurationDelegate - Finished Spring Data repository scanning in 25 ms. Found 0 JDBC repository interfaces.
2024-04-11 10:33:35 [main] INFO  o.s.c.s.PostProcessorRegistrationDelegate$BeanPostProcessorChecker - Bean 'soapServiceConfiguration' of type [mybank.insurance.webservice.soap.configs.SoapServiceConfiguration$$EnhancerBySpringCGLIB$$599bcf77] is not eligible for getting processed by all BeanPostProcessors (for example: not eligible for auto-proxying)
2024-04-11 10:33:35 [main] INFO  o.s.c.s.PostProcessorRegistrationDelegate$BeanPostProcessorChecker - Bean 'org.springframework.ws.config.annotation.DelegatingWsConfiguration' of type [org.springframework.ws.config.annotation.DelegatingWsConfiguration$$EnhancerBySpringCGLIB$$22197178] is not eligible for getting processed by all BeanPostProcessors (for example: not eligible for auto-proxying)
2024-04-11 10:33:35 [main] INFO  o.s.w.s.a.s.AnnotationActionEndpointMapping - Supporting [WS-Addressing August 2004, WS-Addressing 1.0]
2024-04-11 10:33:43 [main] INFO  com.zaxxer.hikari.HikariDataSource - HikariPool-1 - Starting...
2024-04-11 10:33:43 [main] WARN  c.z.hikari.util.DriverDataSource - Registered driver with driverClassName=oracle.jdbc.driver.OracleDriver was not found, trying direct instantiation.
2024-04-11 10:33:44 [main] INFO  com.zaxxer.hikari.pool.PoolBase - HikariPool-1 - Driver does not support get/set network timeout for connections. (oracle.jdbc.driver.T4CConnection.getNetworkTimeout()I)
2024-04-11 10:33:44 [main] INFO  com.zaxxer.hikari.HikariDataSource - HikariPool-1 - Start completed.
2024-04-11 10:33:45 [main] INFO  m.i.w.InsuranceAvailedRestTest - Started InsuranceAvailedRestTest in 13.368 seconds (JVM running for 15.511)
2024-04-11 10:33:45 [main] ERROR m.i.w.r.c.InsuranceController - Failed to save insurance availed: java.sql.SQLException
2024-04-11 10:33:46 [SpringApplicationShutdownHook] INFO  com.zaxxer.hikari.HikariDataSource - HikariPool-1 - Shutdown initiated...
2024-04-11 10:33:46 [SpringApplicationShutdownHook] INFO  com.zaxxer.hikari.HikariDataSource - HikariPool-1 - Shutdown completed.
