2024-04-18 22:12:35 [restartedMain] INFO  a.e.console.ConsoleApplication - Starting ConsoleApplication using Java 1.8.0_292 on WPG02VBMJ with PID 15912 (C:\DLTE-Java-Full-Stack-ElroyMerwynMonis-2024\DLTE-Spring\technical\Technical-Console\target\classes started by xxmonise in C:\DLTE-Java-Full-Stack-ElroyMerwynMonis-2024\DLTE-Spring\technical\Technical-Console)
2024-04-18 22:12:35 [restartedMain] INFO  a.e.console.ConsoleApplication - No active profile set, falling back to 1 default profile: "default"
2024-04-18 22:12:36 [restartedMain] INFO  o.s.b.d.e.DevToolsPropertyDefaultsPostProcessor - Devtools property defaults active! Set 'spring.devtools.add-properties' to 'false' to disable
2024-04-18 22:12:36 [restartedMain] INFO  o.s.b.d.e.DevToolsPropertyDefaultsPostProcessor - For additional web related logging consider setting the 'logging.level.web' property to 'DEBUG'
2024-04-18 22:12:37 [restartedMain] INFO  o.s.c.s.PostProcessorRegistrationDelegate$BeanPostProcessorChecker - Bean 'org.springframework.ws.config.annotation.DelegatingWsConfiguration' of type [org.springframework.ws.config.annotation.DelegatingWsConfiguration$$EnhancerBySpringCGLIB$$930bd5bb] is not eligible for getting processed by all BeanPostProcessors (for example: not eligible for auto-proxying)
2024-04-18 22:12:37 [restartedMain] INFO  o.s.w.s.a.s.AnnotationActionEndpointMapping - Supporting [WS-Addressing August 2004, WS-Addressing 1.0]
2024-04-18 22:12:38 [restartedMain] INFO  o.s.b.w.e.tomcat.TomcatWebServer - Tomcat initialized with port(s): 8082 (http)
2024-04-18 22:12:38 [restartedMain] INFO  o.a.catalina.core.StandardService - Starting service [Tomcat]
2024-04-18 22:12:38 [restartedMain] INFO  o.a.catalina.core.StandardEngine - Starting Servlet engine: [Apache Tomcat/9.0.73]
2024-04-18 22:12:38 [restartedMain] INFO  o.a.c.c.C.[Tomcat].[localhost].[/] - Initializing Spring embedded WebApplicationContext
2024-04-18 22:12:38 [restartedMain] INFO  o.s.b.w.s.c.ServletWebServerApplicationContext - Root WebApplicationContext: initialization completed in 2134 ms
2024-04-18 22:12:38 [restartedMain] WARN  o.s.b.d.a.OptionalLiveReloadServer - Unable to start LiveReload server
2024-04-18 22:12:38 [restartedMain] WARN  o.s.b.w.s.c.AnnotationConfigServletWebServerApplicationContext - Exception encountered during context initialization - cancelling refresh attempt: org.springframework.context.ApplicationContextException: Failed to start bean 'webServerStartStop'; nested exception is org.springframework.boot.web.server.PortInUseException: Port 8082 is already in use
2024-04-18 22:12:38 [restartedMain] INFO  o.a.catalina.core.StandardService - Stopping service [Tomcat]
2024-04-18 22:12:38 [restartedMain] INFO  o.s.b.a.l.ConditionEvaluationReportLoggingListener - 

Error starting ApplicationContext. To display the conditions report re-run your application with 'debug' enabled.
2024-04-18 22:12:38 [restartedMain] ERROR o.s.b.d.LoggingFailureAnalysisReporter - 

***************************
APPLICATION FAILED TO START
***************************

Description:

Web server failed to start. Port 8082 was already in use.

Action:

Identify and stop the process that's listening on port 8082 or configure this application to listen on another port.

2024-04-18 22:13:00 [restartedMain] INFO  a.e.console.ConsoleApplication - Starting ConsoleApplication using Java 1.8.0_292 on WPG02VBMJ with PID 8180 (C:\DLTE-Java-Full-Stack-ElroyMerwynMonis-2024\DLTE-Spring\technical\Technical-Console\target\classes started by xxmonise in C:\DLTE-Java-Full-Stack-ElroyMerwynMonis-2024\DLTE-Spring\technical\Technical-Console)
2024-04-18 22:13:00 [restartedMain] INFO  a.e.console.ConsoleApplication - No active profile set, falling back to 1 default profile: "default"
2024-04-18 22:13:00 [restartedMain] INFO  o.s.b.d.e.DevToolsPropertyDefaultsPostProcessor - Devtools property defaults active! Set 'spring.devtools.add-properties' to 'false' to disable
2024-04-18 22:13:00 [restartedMain] INFO  o.s.b.d.e.DevToolsPropertyDefaultsPostProcessor - For additional web related logging consider setting the 'logging.level.web' property to 'DEBUG'
2024-04-18 22:13:03 [restartedMain] INFO  o.s.c.s.PostProcessorRegistrationDelegate$BeanPostProcessorChecker - Bean 'org.springframework.ws.config.annotation.DelegatingWsConfiguration' of type [org.springframework.ws.config.annotation.DelegatingWsConfiguration$$EnhancerBySpringCGLIB$$801d11fc] is not eligible for getting processed by all BeanPostProcessors (for example: not eligible for auto-proxying)
2024-04-18 22:13:03 [restartedMain] INFO  o.s.w.s.a.s.AnnotationActionEndpointMapping - Supporting [WS-Addressing August 2004, WS-Addressing 1.0]
2024-04-18 22:13:04 [restartedMain] INFO  o.s.b.w.e.tomcat.TomcatWebServer - Tomcat initialized with port(s): 8083 (http)
2024-04-18 22:13:04 [restartedMain] INFO  o.a.catalina.core.StandardService - Starting service [Tomcat]
2024-04-18 22:13:04 [restartedMain] INFO  o.a.catalina.core.StandardEngine - Starting Servlet engine: [Apache Tomcat/9.0.73]
2024-04-18 22:13:04 [restartedMain] INFO  o.a.c.c.C.[Tomcat].[localhost].[/] - Initializing Spring embedded WebApplicationContext
2024-04-18 22:13:04 [restartedMain] INFO  o.s.b.w.s.c.ServletWebServerApplicationContext - Root WebApplicationContext: initialization completed in 4094 ms
2024-04-18 22:13:05 [restartedMain] WARN  o.s.b.d.a.OptionalLiveReloadServer - Unable to start LiveReload server
2024-04-18 22:13:05 [restartedMain] INFO  o.s.b.w.e.tomcat.TomcatWebServer - Tomcat started on port(s): 8083 (http) with context path ''
