[31m2024-04-03 21:02:09,238[0;39m [32m[INFO][0;39m maybank.insurance.dao.insurancedao.InsurancedaoApplication restartedMain [32mStarting InsurancedaoApplication using Java 1.8.0_292 on WPG02VBMJ with PID 18184 (C:\DLTE-Java-Full-Stack-ElroyMerwynMonis-2024\DLTE-MyBank-Project\MyBank-Insurance-Dao\target\classes started by xxmonise in C:\DLTE-Java-Full-Stack-ElroyMerwynMonis-2024\DLTE-MyBank-Project\MyBank-Insurance-Dao)
[0;39m[31m2024-04-03 21:02:09,238[0;39m [32m[INFO][0;39m maybank.insurance.dao.insurancedao.InsurancedaoApplication restartedMain [32mNo active profile set, falling back to 1 default profile: "default"
[0;39m[31m2024-04-03 21:02:09,285[0;39m [32m[INFO][0;39m org.springframework.boot.devtools.restart.ChangeableUrls restartedMain [32mThe Class-Path manifest attribute in C:\Users\xxmonise\.m2\repository\com\oracle\database\security\oraclepki\21.5.0.0\oraclepki-21.5.0.0.jar referenced one or more files that do not exist: file:/C:/Users/xxmonise/.m2/repository/com/oracle/database/security/oraclepki/21.5.0.0/osdt_core.jar,file:/C:/Users/xxmonise/.m2/repository/com/oracle/database/security/oraclepki/21.5.0.0/osdt_cert.jar,file:/C:/Users/xxmonise/.m2/repository/com/oracle/database/security/oraclepki/oracle.osdt/osdt_core.jar,file:/C:/Users/xxmonise/.m2/repository/com/oracle/database/security/oraclepki/oracle.osdt/osdt_cert.jar
[0;39m[31m2024-04-03 21:02:09,285[0;39m [32m[INFO][0;39m org.springframework.boot.devtools.env.DevToolsPropertyDefaultsPostProcessor restartedMain [32mDevtools property defaults active! Set 'spring.devtools.add-properties' to 'false' to disable
[0;39m[31m2024-04-03 21:02:09,285[0;39m [32m[INFO][0;39m org.springframework.boot.devtools.env.DevToolsPropertyDefaultsPostProcessor restartedMain [32mFor additional web related logging consider setting the 'logging.level.web' property to 'DEBUG'
[0;39m[31m2024-04-03 21:02:10,028[0;39m [32m[INFO][0;39m org.springframework.data.repository.config.RepositoryConfigurationDelegate restartedMain [32mBootstrapping Spring Data JDBC repositories in DEFAULT mode.
[0;39m[31m2024-04-03 21:02:10,044[0;39m [32m[INFO][0;39m org.springframework.data.repository.config.RepositoryConfigurationDelegate restartedMain [32mFinished Spring Data repository scanning in 11 ms. Found 0 JDBC repository interfaces.
[0;39m[31m2024-04-03 21:02:10,540[0;39m [32m[INFO][0;39m org.springframework.boot.web.embedded.tomcat.TomcatWebServer restartedMain [32mTomcat initialized with port(s): 8083 (http)
[0;39m[31m2024-04-03 21:02:10,540[0;39m [32m[INFO][0;39m org.apache.catalina.core.StandardService restartedMain [32mStarting service [Tomcat]
[0;39m[31m2024-04-03 21:02:10,548[0;39m [32m[INFO][0;39m org.apache.catalina.core.StandardEngine restartedMain [32mStarting Servlet engine: [Apache Tomcat/9.0.73]
[0;39m[31m2024-04-03 21:02:10,628[0;39m [32m[INFO][0;39m org.apache.catalina.core.ContainerBase.[Tomcat].[localhost].[/] restartedMain [32mInitializing Spring embedded WebApplicationContext
[0;39m[31m2024-04-03 21:02:10,628[0;39m [32m[INFO][0;39m org.springframework.boot.web.servlet.context.ServletWebServerApplicationContext restartedMain [32mRoot WebApplicationContext: initialization completed in 1327 ms
[0;39m[31m2024-04-03 21:02:11,260[0;39m [32m[INFO][0;39m com.zaxxer.hikari.HikariDataSource restartedMain [32mHikariPool-1 - Starting...
[0;39m[31m2024-04-03 21:02:11,275[0;39m [32m[WARN][0;39m com.zaxxer.hikari.util.DriverDataSource restartedMain [32mRegistered driver with driverClassName=oracle.jdbc.driver.OracleDriver was not found, trying direct instantiation.
[0;39m[31m2024-04-03 21:02:11,381[0;39m [32m[INFO][0;39m com.zaxxer.hikari.pool.PoolBase restartedMain [32mHikariPool-1 - Driver does not support get/set network timeout for connections. (oracle.jdbc.driver.T4CConnection.getNetworkTimeout()I)
[0;39m[31m2024-04-03 21:02:11,385[0;39m [32m[INFO][0;39m com.zaxxer.hikari.HikariDataSource restartedMain [32mHikariPool-1 - Start completed.
[0;39m[31m2024-04-03 21:02:11,497[0;39m [32m[INFO][0;39m org.springframework.boot.devtools.autoconfigure.OptionalLiveReloadServer restartedMain [32mLiveReload server is running on port 35729
[0;39m[31m2024-04-03 21:02:11,545[0;39m [32m[INFO][0;39m org.springframework.boot.web.embedded.tomcat.TomcatWebServer restartedMain [32mTomcat started on port(s): 8083 (http) with context path ''
[0;39m[31m2024-04-03 21:02:11,569[0;39m [32m[INFO][0;39m maybank.insurance.dao.insurancedao.InsurancedaoApplication restartedMain [32mStarted InsurancedaoApplication in 2.849 seconds (JVM running for 3.901)
[0;39m[31m2024-04-03 21:02:53,766[0;39m [32m[INFO][0;39m org.springframework.boot.devtools.autoconfigure.LocalDevToolsAutoConfiguration$RestartingClassPathChangeChangedEventListener File Watcher [32mRestarting due to 15 class path changes (0 additions, 15 deletions, 0 modifications)
[0;39m[31m2024-04-03 21:02:53,920[0;39m [32m[INFO][0;39m org.apache.catalina.core.StandardService Thread-12 [32mStopping service [Tomcat]
[0;39m[31m2024-04-03 21:02:53,929[0;39m [32m[INFO][0;39m com.zaxxer.hikari.HikariDataSource Thread-12 [32mHikariPool-1 - Shutdown initiated...
[0;39m[31m2024-04-03 21:02:53,937[0;39m [32m[INFO][0;39m com.zaxxer.hikari.HikariDataSource Thread-12 [32mHikariPool-1 - Shutdown completed.
[0;39m[31m2024-04-03 21:02:54,066[0;39m [32m[INFO][0;39m maybank.insurance.dao.insurancedao.InsurancedaoApplication restartedMain [32mStarting InsurancedaoApplication using Java 1.8.0_292 on WPG02VBMJ with PID 18184 (C:\DLTE-Java-Full-Stack-ElroyMerwynMonis-2024\DLTE-MyBank-Project\MyBank-Insurance-Dao\target\classes started by xxmonise in C:\DLTE-Java-Full-Stack-ElroyMerwynMonis-2024\DLTE-MyBank-Project\MyBank-Insurance-Dao)
[0;39m[31m2024-04-03 21:02:54,066[0;39m [32m[INFO][0;39m maybank.insurance.dao.insurancedao.InsurancedaoApplication restartedMain [32mNo active profile set, falling back to 1 default profile: "default"
[0;39m[31m2024-04-03 21:02:54,255[0;39m [32m[INFO][0;39m org.springframework.data.repository.config.RepositoryConfigurationDelegate restartedMain [32mBootstrapping Spring Data JDBC repositories in DEFAULT mode.
[0;39m[31m2024-04-03 21:02:54,255[0;39m [32m[INFO][0;39m org.springframework.data.repository.config.RepositoryConfigurationDelegate restartedMain [32mFinished Spring Data repository scanning in 0 ms. Found 0 JDBC repository interfaces.
[0;39m[31m2024-04-03 21:02:54,350[0;39m [32m[INFO][0;39m org.springframework.boot.web.embedded.tomcat.TomcatWebServer restartedMain [32mTomcat initialized with port(s): 8083 (http)
[0;39m[31m2024-04-03 21:02:54,350[0;39m [32m[INFO][0;39m org.apache.catalina.core.StandardService restartedMain [32mStarting service [Tomcat]
[0;39m[31m2024-04-03 21:02:54,350[0;39m [32m[INFO][0;39m org.apache.catalina.core.StandardEngine restartedMain [32mStarting Servlet engine: [Apache Tomcat/9.0.73]
[0;39m[31m2024-04-03 21:02:54,366[0;39m [32m[INFO][0;39m org.apache.catalina.core.ContainerBase.[Tomcat].[localhost].[/] restartedMain [32mInitializing Spring embedded WebApplicationContext
[0;39m[31m2024-04-03 21:02:54,366[0;39m [32m[INFO][0;39m org.springframework.boot.web.servlet.context.ServletWebServerApplicationContext restartedMain [32mRoot WebApplicationContext: initialization completed in 300 ms
[0;39m[31m2024-04-03 21:02:54,510[0;39m [32m[INFO][0;39m com.zaxxer.hikari.HikariDataSource restartedMain [32mHikariPool-2 - Starting...
[0;39m[31m2024-04-03 21:02:54,510[0;39m [32m[WARN][0;39m com.zaxxer.hikari.util.DriverDataSource restartedMain [32mRegistered driver with driverClassName=oracle.jdbc.driver.OracleDriver was not found, trying direct instantiation.
[0;39m[31m2024-04-03 21:02:54,529[0;39m [32m[INFO][0;39m com.zaxxer.hikari.pool.PoolBase restartedMain [32mHikariPool-2 - Driver does not support get/set network timeout for connections. (oracle.jdbc.driver.T4CConnection.getNetworkTimeout()I)
[0;39m[31m2024-04-03 21:02:54,529[0;39m [32m[INFO][0;39m com.zaxxer.hikari.HikariDataSource restartedMain [32mHikariPool-2 - Start completed.
[0;39m[31m2024-04-03 21:02:54,539[0;39m [32m[INFO][0;39m org.springframework.boot.devtools.autoconfigure.OptionalLiveReloadServer restartedMain [32mLiveReload server is running on port 35729
[0;39m[31m2024-04-03 21:02:54,556[0;39m [32m[INFO][0;39m org.springframework.boot.web.embedded.tomcat.TomcatWebServer restartedMain [32mTomcat started on port(s): 8083 (http) with context path ''
[0;39m[31m2024-04-03 21:02:54,567[0;39m [32m[INFO][0;39m maybank.insurance.dao.insurancedao.InsurancedaoApplication restartedMain [32mStarted InsurancedaoApplication in 0.538 seconds (JVM running for 46.896)
[0;39m[31m2024-04-03 21:02:54,567[0;39m [32m[INFO][0;39m org.springframework.boot.devtools.autoconfigure.ConditionEvaluationDeltaLoggingListener restartedMain [32mCondition evaluation unchanged
[0;39m[31m2024-04-03 21:02:55,967[0;39m [32m[INFO][0;39m org.springframework.boot.devtools.autoconfigure.LocalDevToolsAutoConfiguration$RestartingClassPathChangeChangedEventListener File Watcher [32mRestarting due to 15 class path changes (15 additions, 0 deletions, 0 modifications)
[0;39m[31m2024-04-03 21:02:56,280[0;39m [32m[INFO][0;39m org.apache.catalina.core.StandardService Thread-18 [32mStopping service [Tomcat]
[0;39m[31m2024-04-03 21:02:56,318[0;39m [32m[INFO][0;39m com.zaxxer.hikari.HikariDataSource Thread-18 [32mHikariPool-2 - Shutdown initiated...
[0;39m[31m2024-04-03 21:02:56,343[0;39m [32m[INFO][0;39m com.zaxxer.hikari.HikariDataSource Thread-18 [32mHikariPool-2 - Shutdown completed.
[0;39m[31m2024-04-03 21:02:56,910[0;39m [32m[INFO][0;39m maybank.insurance.dao.insurancedao.InsurancedaoApplication restartedMain [32mStarting InsurancedaoApplication using Java 1.8.0_292 on WPG02VBMJ with PID 18184 (C:\DLTE-Java-Full-Stack-ElroyMerwynMonis-2024\DLTE-MyBank-Project\MyBank-Insurance-Dao\target\classes started by xxmonise in C:\DLTE-Java-Full-Stack-ElroyMerwynMonis-2024\DLTE-MyBank-Project\MyBank-Insurance-Dao)
[0;39m[31m2024-04-03 21:02:56,918[0;39m [32m[INFO][0;39m maybank.insurance.dao.insurancedao.InsurancedaoApplication restartedMain [32mNo active profile set, falling back to 1 default profile: "default"
[0;39m[31m2024-04-03 21:02:57,621[0;39m [32m[INFO][0;39m org.springframework.data.repository.config.RepositoryConfigurationDelegate restartedMain [32mBootstrapping Spring Data JDBC repositories in DEFAULT mode.
[0;39m[31m2024-04-03 21:02:57,634[0;39m [32m[INFO][0;39m org.springframework.data.repository.config.RepositoryConfigurationDelegate restartedMain [32mFinished Spring Data repository scanning in 18 ms. Found 0 JDBC repository interfaces.
[0;39m[31m2024-04-03 21:02:57,854[0;39m [32m[INFO][0;39m org.springframework.boot.web.embedded.tomcat.TomcatWebServer restartedMain [32mTomcat initialized with port(s): 8083 (http)
[0;39m[31m2024-04-03 21:02:57,854[0;39m [32m[INFO][0;39m org.apache.catalina.core.StandardService restartedMain [32mStarting service [Tomcat]
[0;39m[31m2024-04-03 21:02:57,854[0;39m [32m[INFO][0;39m org.apache.catalina.core.StandardEngine restartedMain [32mStarting Servlet engine: [Apache Tomcat/9.0.73]
[0;39m[31m2024-04-03 21:02:57,903[0;39m [32m[INFO][0;39m org.apache.catalina.core.ContainerBase.[Tomcat].[localhost].[/] restartedMain [32mInitializing Spring embedded WebApplicationContext
[0;39m[31m2024-04-03 21:02:57,903[0;39m [32m[INFO][0;39m org.springframework.boot.web.servlet.context.ServletWebServerApplicationContext restartedMain [32mRoot WebApplicationContext: initialization completed in 976 ms
[0;39m[31m2024-04-03 21:02:58,281[0;39m [32m[INFO][0;39m com.zaxxer.hikari.HikariDataSource restartedMain [32mHikariPool-3 - Starting...
[0;39m[31m2024-04-03 21:02:58,281[0;39m [32m[WARN][0;39m com.zaxxer.hikari.util.DriverDataSource restartedMain [32mRegistered driver with driverClassName=oracle.jdbc.driver.OracleDriver was not found, trying direct instantiation.
[0;39m[31m2024-04-03 21:02:58,340[0;39m [32m[INFO][0;39m com.zaxxer.hikari.pool.PoolBase restartedMain [32mHikariPool-3 - Driver does not support get/set network timeout for connections. (oracle.jdbc.driver.T4CConnection.getNetworkTimeout()I)
[0;39m[31m2024-04-03 21:02:58,345[0;39m [32m[INFO][0;39m com.zaxxer.hikari.HikariDataSource restartedMain [32mHikariPool-3 - Start completed.
[0;39m[31m2024-04-03 21:02:58,393[0;39m [32m[INFO][0;39m org.springframework.boot.devtools.autoconfigure.OptionalLiveReloadServer restartedMain [32mLiveReload server is running on port 35729
[0;39m[31m2024-04-03 21:02:58,424[0;39m [32m[INFO][0;39m org.springframework.boot.web.embedded.tomcat.TomcatWebServer restartedMain [32mTomcat started on port(s): 8083 (http) with context path ''
[0;39m[31m2024-04-03 21:02:58,440[0;39m [32m[INFO][0;39m maybank.insurance.dao.insurancedao.InsurancedaoApplication restartedMain [32mStarted InsurancedaoApplication in 1.662 seconds (JVM running for 50.776)
[0;39m[31m2024-04-03 21:02:58,440[0;39m [32m[INFO][0;39m org.springframework.boot.devtools.autoconfigure.ConditionEvaluationDeltaLoggingListener restartedMain [32mCondition evaluation unchanged
[0;39m[31m2024-04-03 21:02:59,827[0;39m [32m[INFO][0;39m org.springframework.boot.devtools.autoconfigure.LocalDevToolsAutoConfiguration$RestartingClassPathChangeChangedEventListener File Watcher [32mRestarting due to 14 class path changes (0 additions, 14 deletions, 0 modifications)
[0;39m[31m2024-04-03 21:03:00,305[0;39m [32m[INFO][0;39m org.apache.catalina.core.StandardService Thread-23 [32mStopping service [Tomcat]
[0;39m[31m2024-04-03 21:03:00,348[0;39m [32m[INFO][0;39m com.zaxxer.hikari.HikariDataSource Thread-23 [32mHikariPool-3 - Shutdown initiated...
[0;39m[31m2024-04-03 21:03:00,382[0;39m [32m[INFO][0;39m com.zaxxer.hikari.HikariDataSource Thread-23 [32mHikariPool-3 - Shutdown completed.
[0;39m[31m2024-04-03 21:03:00,963[0;39m [32m[INFO][0;39m maybank.insurance.dao.insurancedao.InsurancedaoApplication restartedMain [32mStarting InsurancedaoApplication using Java 1.8.0_292 on WPG02VBMJ with PID 18184 (C:\DLTE-Java-Full-Stack-ElroyMerwynMonis-2024\DLTE-MyBank-Project\MyBank-Insurance-Dao\target\classes started by xxmonise in C:\DLTE-Java-Full-Stack-ElroyMerwynMonis-2024\DLTE-MyBank-Project\MyBank-Insurance-Dao)
[0;39m[31m2024-04-03 21:03:00,974[0;39m [32m[INFO][0;39m maybank.insurance.dao.insurancedao.InsurancedaoApplication restartedMain [32mNo active profile set, falling back to 1 default profile: "default"
[0;39m[31m2024-04-03 21:03:01,515[0;39m [32m[INFO][0;39m org.springframework.data.repository.config.RepositoryConfigurationDelegate restartedMain [32mBootstrapping Spring Data JDBC repositories in DEFAULT mode.
[0;39m[31m2024-04-03 21:03:01,531[0;39m [32m[INFO][0;39m org.springframework.data.repository.config.RepositoryConfigurationDelegate restartedMain [32mFinished Spring Data repository scanning in 11 ms. Found 0 JDBC repository interfaces.
[0;39m[31m2024-04-03 21:03:01,726[0;39m [32m[INFO][0;39m org.springframework.boot.web.embedded.tomcat.TomcatWebServer restartedMain [32mTomcat initialized with port(s): 8083 (http)
[0;39m[31m2024-04-03 21:03:01,726[0;39m [32m[INFO][0;39m org.apache.catalina.core.StandardService restartedMain [32mStarting service [Tomcat]
[0;39m[31m2024-04-03 21:03:01,733[0;39m [32m[INFO][0;39m org.apache.catalina.core.StandardEngine restartedMain [32mStarting Servlet engine: [Apache Tomcat/9.0.73]
[0;39m[31m2024-04-03 21:03:01,775[0;39m [32m[INFO][0;39m org.apache.catalina.core.ContainerBase.[Tomcat].[localhost].[/] restartedMain [32mInitializing Spring embedded WebApplicationContext
[0;39m[31m2024-04-03 21:03:01,775[0;39m [32m[INFO][0;39m org.springframework.boot.web.servlet.context.ServletWebServerApplicationContext restartedMain [32mRoot WebApplicationContext: initialization completed in 796 ms
[0;39m[31m2024-04-03 21:03:02,037[0;39m [32m[INFO][0;39m com.zaxxer.hikari.HikariDataSource restartedMain [32mHikariPool-4 - Starting...
[0;39m[31m2024-04-03 21:03:02,037[0;39m [32m[WARN][0;39m com.zaxxer.hikari.util.DriverDataSource restartedMain [32mRegistered driver with driverClassName=oracle.jdbc.driver.OracleDriver was not found, trying direct instantiation.
[0;39m[31m2024-04-03 21:03:02,088[0;39m [32m[INFO][0;39m com.zaxxer.hikari.pool.PoolBase restartedMain [32mHikariPool-4 - Driver does not support get/set network timeout for connections. (oracle.jdbc.driver.T4CConnection.getNetworkTimeout()I)
[0;39m[31m2024-04-03 21:03:02,091[0;39m [32m[INFO][0;39m com.zaxxer.hikari.HikariDataSource restartedMain [32mHikariPool-4 - Start completed.
[0;39m[31m2024-04-03 21:03:02,116[0;39m [32m[INFO][0;39m org.springframework.boot.devtools.autoconfigure.OptionalLiveReloadServer restartedMain [32mLiveReload server is running on port 35729
[0;39m[31m2024-04-03 21:03:02,147[0;39m [32m[INFO][0;39m org.springframework.boot.web.embedded.tomcat.TomcatWebServer restartedMain [32mTomcat started on port(s): 8083 (http) with context path ''
[0;39m[31m2024-04-03 21:03:02,147[0;39m [32m[INFO][0;39m maybank.insurance.dao.insurancedao.InsurancedaoApplication restartedMain [32mStarted InsurancedaoApplication in 1.295 seconds (JVM running for 54.484)
[0;39m[31m2024-04-03 21:03:02,147[0;39m [32m[INFO][0;39m org.springframework.boot.devtools.autoconfigure.ConditionEvaluationDeltaLoggingListener restartedMain [32mCondition evaluation unchanged
[0;39m[31m2024-04-03 21:03:03,581[0;39m [32m[INFO][0;39m org.springframework.boot.devtools.autoconfigure.LocalDevToolsAutoConfiguration$RestartingClassPathChangeChangedEventListener File Watcher [32mRestarting due to 14 class path changes (14 additions, 0 deletions, 0 modifications)
[0;39m[31m2024-04-03 21:03:05,286[0;39m [32m[INFO][0;39m org.apache.catalina.core.StandardService Thread-28 [32mStopping service [Tomcat]
[0;39m[31m2024-04-03 21:03:05,343[0;39m [32m[INFO][0;39m com.zaxxer.hikari.HikariDataSource Thread-28 [32mHikariPool-4 - Shutdown initiated...
[0;39m[31m2024-04-03 21:03:05,381[0;39m [32m[INFO][0;39m com.zaxxer.hikari.HikariDataSource Thread-28 [32mHikariPool-4 - Shutdown completed.
[0;39m[31m2024-04-03 21:03:06,286[0;39m [32m[INFO][0;39m maybank.insurance.dao.insurancedao.InsurancedaoApplication restartedMain [32mStarting InsurancedaoApplication using Java 1.8.0_292 on WPG02VBMJ with PID 18184 (C:\DLTE-Java-Full-Stack-ElroyMerwynMonis-2024\DLTE-MyBank-Project\MyBank-Insurance-Dao\target\classes started by xxmonise in C:\DLTE-Java-Full-Stack-ElroyMerwynMonis-2024\DLTE-MyBank-Project\MyBank-Insurance-Dao)
[0;39m[31m2024-04-03 21:03:06,291[0;39m [32m[INFO][0;39m maybank.insurance.dao.insurancedao.InsurancedaoApplication restartedMain [32mNo active profile set, falling back to 1 default profile: "default"
[0;39m[31m2024-04-03 21:03:07,339[0;39m [32m[INFO][0;39m org.springframework.data.repository.config.RepositoryConfigurationDelegate restartedMain [32mBootstrapping Spring Data JDBC repositories in DEFAULT mode.
[0;39m[31m2024-04-03 21:03:07,354[0;39m [32m[INFO][0;39m org.springframework.data.repository.config.RepositoryConfigurationDelegate restartedMain [32mFinished Spring Data repository scanning in 22 ms. Found 0 JDBC repository interfaces.
[0;39m[31m2024-04-03 21:03:07,858[0;39m [32m[INFO][0;39m org.springframework.boot.web.embedded.tomcat.TomcatWebServer restartedMain [32mTomcat initialized with port(s): 8083 (http)
[0;39m[31m2024-04-03 21:03:07,873[0;39m [32m[INFO][0;39m org.apache.catalina.core.StandardService restartedMain [32mStarting service [Tomcat]
[0;39m[31m2024-04-03 21:03:07,873[0;39m [32m[INFO][0;39m org.apache.catalina.core.StandardEngine restartedMain [32mStarting Servlet engine: [Apache Tomcat/9.0.73]
[0;39m[31m2024-04-03 21:03:08,141[0;39m [32m[INFO][0;39m org.apache.catalina.core.ContainerBase.[Tomcat].[localhost].[/] restartedMain [32mInitializing Spring embedded WebApplicationContext
[0;39m[31m2024-04-03 21:03:08,141[0;39m [32m[INFO][0;39m org.springframework.boot.web.servlet.context.ServletWebServerApplicationContext restartedMain [32mRoot WebApplicationContext: initialization completed in 1845 ms
[0;39m[31m2024-04-03 21:03:08,617[0;39m [32m[INFO][0;39m com.zaxxer.hikari.HikariDataSource restartedMain [32mHikariPool-5 - Starting...
[0;39m[31m2024-04-03 21:03:08,617[0;39m [32m[WARN][0;39m com.zaxxer.hikari.util.DriverDataSource restartedMain [32mRegistered driver with driverClassName=oracle.jdbc.driver.OracleDriver was not found, trying direct instantiation.
[0;39m[31m2024-04-03 21:03:08,694[0;39m [32m[INFO][0;39m com.zaxxer.hikari.pool.PoolBase restartedMain [32mHikariPool-5 - Driver does not support get/set network timeout for connections. (oracle.jdbc.driver.T4CConnection.getNetworkTimeout()I)
[0;39m[31m2024-04-03 21:03:08,694[0;39m [32m[INFO][0;39m com.zaxxer.hikari.HikariDataSource restartedMain [32mHikariPool-5 - Start completed.
[0;39m[31m2024-04-03 21:03:08,786[0;39m [32m[INFO][0;39m org.springframework.boot.devtools.autoconfigure.OptionalLiveReloadServer restartedMain [32mLiveReload server is running on port 35729
[0;39m[31m2024-04-03 21:03:08,887[0;39m [32m[INFO][0;39m org.springframework.boot.web.embedded.tomcat.TomcatWebServer restartedMain [32mTomcat started on port(s): 8083 (http) with context path ''
[0;39m[31m2024-04-03 21:03:08,915[0;39m [32m[INFO][0;39m maybank.insurance.dao.insurancedao.InsurancedaoApplication restartedMain [32mStarted InsurancedaoApplication in 2.858 seconds (JVM running for 61.253)
[0;39m[31m2024-04-03 21:03:08,931[0;39m [32m[INFO][0;39m org.springframework.boot.devtools.autoconfigure.ConditionEvaluationDeltaLoggingListener restartedMain [32mCondition evaluation unchanged
[0;39m