[31m2024-03-21 17:33:20,609[0;39m [32m[INFO][0;39m com.example.jdbctemplate.JdbctemplateApplication restartedMain [32mStarting JdbctemplateApplication using Java 1.8.0_292 on WPG02VBMJ with PID 9404 (C:\DLTE-Java-Full-Stack-ElroyMerwynMonis-2024\DLTE-Spring\DLTE-Spring-Tasks\Task1089\target\classes started by xxmonise in C:\DLTE-Java-Full-Stack-ElroyMerwynMonis-2024\DLTE-Spring\DLTE-Spring-Tasks\Task1089)
[0;39m[31m2024-03-21 17:33:20,609[0;39m [32m[INFO][0;39m com.example.jdbctemplate.JdbctemplateApplication restartedMain [32mNo active profile set, falling back to 1 default profile: "default"
[0;39m[31m2024-03-21 17:33:20,672[0;39m [32m[INFO][0;39m org.springframework.boot.devtools.restart.ChangeableUrls restartedMain [32mThe Class-Path manifest attribute in C:\Users\xxmonise\.m2\repository\com\oracle\database\security\oraclepki\21.5.0.0\oraclepki-21.5.0.0.jar referenced one or more files that do not exist: file:/C:/Users/xxmonise/.m2/repository/com/oracle/database/security/oraclepki/21.5.0.0/osdt_core.jar,file:/C:/Users/xxmonise/.m2/repository/com/oracle/database/security/oraclepki/21.5.0.0/osdt_cert.jar,file:/C:/Users/xxmonise/.m2/repository/com/oracle/database/security/oraclepki/oracle.osdt/osdt_core.jar,file:/C:/Users/xxmonise/.m2/repository/com/oracle/database/security/oraclepki/oracle.osdt/osdt_cert.jar
[0;39m[31m2024-03-21 17:33:20,672[0;39m [32m[INFO][0;39m org.springframework.boot.devtools.env.DevToolsPropertyDefaultsPostProcessor restartedMain [32mDevtools property defaults active! Set 'spring.devtools.add-properties' to 'false' to disable
[0;39m[31m2024-03-21 17:33:20,672[0;39m [32m[INFO][0;39m org.springframework.boot.devtools.env.DevToolsPropertyDefaultsPostProcessor restartedMain [32mFor additional web related logging consider setting the 'logging.level.web' property to 'DEBUG'
[0;39m[31m2024-03-21 17:33:21,129[0;39m [32m[INFO][0;39m org.springframework.data.repository.config.RepositoryConfigurationDelegate restartedMain [32mMultiple Spring Data modules found, entering strict repository configuration mode
[0;39m[31m2024-03-21 17:33:21,129[0;39m [32m[INFO][0;39m org.springframework.data.repository.config.RepositoryConfigurationDelegate restartedMain [32mBootstrapping Spring Data JDBC repositories in DEFAULT mode.
[0;39m[31m2024-03-21 17:33:21,129[0;39m [32m[INFO][0;39m org.springframework.data.repository.config.RepositoryConfigurationDelegate restartedMain [32mFinished Spring Data repository scanning in 3 ms. Found 0 JDBC repository interfaces.
[0;39m[31m2024-03-21 17:33:21,145[0;39m [32m[INFO][0;39m org.springframework.data.repository.config.RepositoryConfigurationDelegate restartedMain [32mMultiple Spring Data modules found, entering strict repository configuration mode
[0;39m[31m2024-03-21 17:33:21,145[0;39m [32m[INFO][0;39m org.springframework.data.repository.config.RepositoryConfigurationDelegate restartedMain [32mBootstrapping Spring Data JPA repositories in DEFAULT mode.
[0;39m[31m2024-03-21 17:33:21,145[0;39m [32m[INFO][0;39m org.springframework.data.repository.config.RepositoryConfigurationDelegate restartedMain [32mFinished Spring Data repository scanning in 0 ms. Found 0 JPA repository interfaces.
[0;39m[31m2024-03-21 17:33:21,508[0;39m [32m[INFO][0;39m org.springframework.boot.web.embedded.tomcat.TomcatWebServer restartedMain [32mTomcat initialized with port(s): 8081 (http)
[0;39m[31m2024-03-21 17:33:21,508[0;39m [32m[INFO][0;39m org.apache.catalina.core.StandardService restartedMain [32mStarting service [Tomcat]
[0;39m[31m2024-03-21 17:33:21,508[0;39m [32m[INFO][0;39m org.apache.catalina.core.StandardEngine restartedMain [32mStarting Servlet engine: [Apache Tomcat/9.0.73]
[0;39m[31m2024-03-21 17:33:21,571[0;39m [32m[INFO][0;39m org.apache.catalina.core.ContainerBase.[Tomcat].[localhost].[/] restartedMain [32mInitializing Spring embedded WebApplicationContext
[0;39m[31m2024-03-21 17:33:21,571[0;39m [32m[INFO][0;39m org.springframework.boot.web.servlet.context.ServletWebServerApplicationContext restartedMain [32mRoot WebApplicationContext: initialization completed in 899 ms
[0;39m[31m2024-03-21 17:33:21,665[0;39m [32m[INFO][0;39m com.zaxxer.hikari.HikariDataSource restartedMain [32mHikariPool-1 - Starting...
[0;39m[31m2024-03-21 17:33:21,665[0;39m [32m[WARN][0;39m com.zaxxer.hikari.util.DriverDataSource restartedMain [32mRegistered driver with driverClassName=oracle.jdbc.driver.OracleDriver was not found, trying direct instantiation.
[0;39m[31m2024-03-21 17:33:21,808[0;39m [32m[INFO][0;39m com.zaxxer.hikari.pool.PoolBase restartedMain [32mHikariPool-1 - Driver does not support get/set network timeout for connections. (oracle.jdbc.driver.T4CConnection.getNetworkTimeout()I)
[0;39m[31m2024-03-21 17:33:21,808[0;39m [32m[INFO][0;39m com.zaxxer.hikari.HikariDataSource restartedMain [32mHikariPool-1 - Start completed.
[0;39m[31m2024-03-21 17:33:21,839[0;39m [32m[INFO][0;39m org.hibernate.jpa.internal.util.LogHelper restartedMain [32mHHH000204: Processing PersistenceUnitInfo [name: default]
[0;39m[31m2024-03-21 17:33:21,854[0;39m [32m[INFO][0;39m org.hibernate.Version restartedMain [32mHHH000412: Hibernate ORM core version 5.6.15.Final
[0;39m[31m2024-03-21 17:33:21,980[0;39m [32m[INFO][0;39m org.hibernate.annotations.common.Version restartedMain [32mHCANN000001: Hibernate Commons Annotations {5.1.2.Final}
[0;39m[31m2024-03-21 17:33:22,058[0;39m [32m[INFO][0;39m org.hibernate.dialect.Dialect restartedMain [32mHHH000400: Using dialect: org.hibernate.dialect.Oracle10gDialect
[0;39m[31m2024-03-21 17:33:22,406[0;39m [32m[INFO][0;39m org.hibernate.engine.transaction.jta.platform.internal.JtaPlatformInitiator restartedMain [32mHHH000490: Using JtaPlatform implementation: [org.hibernate.engine.transaction.jta.platform.internal.NoJtaPlatform]
[0;39m[31m2024-03-21 17:33:22,406[0;39m [32m[INFO][0;39m org.springframework.orm.jpa.LocalContainerEntityManagerFactoryBean restartedMain [32mInitialized JPA EntityManagerFactory for persistence unit 'default'
[0;39m[31m2024-03-21 17:33:22,437[0;39m [32m[WARN][0;39m org.springframework.boot.autoconfigure.orm.jpa.JpaBaseConfiguration$JpaWebConfiguration restartedMain [32mspring.jpa.open-in-view is enabled by default. Therefore, database queries may be performed during view rendering. Explicitly configure spring.jpa.open-in-view to disable this warning
[0;39m[31m2024-03-21 17:33:22,706[0;39m [32m[INFO][0;39m org.springframework.boot.devtools.autoconfigure.OptionalLiveReloadServer restartedMain [32mLiveReload server is running on port 35729
[0;39m[31m2024-03-21 17:33:22,737[0;39m [32m[INFO][0;39m org.springframework.boot.web.embedded.tomcat.TomcatWebServer restartedMain [32mTomcat started on port(s): 8081 (http) with context path ''
[0;39m[31m2024-03-21 17:33:22,737[0;39m [32m[INFO][0;39m com.example.jdbctemplate.JdbctemplateApplication restartedMain [32mStarted JdbctemplateApplication in 2.587 seconds (JVM running for 4.074)
[0;39m[31m2024-03-21 17:33:58,079[0;39m [32m[INFO][0;39m com.example.jdbctemplate.JdbctemplateApplication restartedMain [32mStarting JdbctemplateApplication using Java 1.8.0_292 on WPG02VBMJ with PID 16536 (C:\DLTE-Java-Full-Stack-ElroyMerwynMonis-2024\DLTE-Spring\DLTE-Spring-Tasks\Task1089\target\classes started by xxmonise in C:\DLTE-Java-Full-Stack-ElroyMerwynMonis-2024\DLTE-Spring\DLTE-Spring-Tasks\Task1089)
[0;39m[31m2024-03-21 17:33:58,079[0;39m [32m[INFO][0;39m com.example.jdbctemplate.JdbctemplateApplication restartedMain [32mNo active profile set, falling back to 1 default profile: "default"
[0;39m[31m2024-03-21 17:33:58,145[0;39m [32m[INFO][0;39m org.springframework.boot.devtools.restart.ChangeableUrls restartedMain [32mThe Class-Path manifest attribute in C:\Users\xxmonise\.m2\repository\com\oracle\database\security\oraclepki\21.5.0.0\oraclepki-21.5.0.0.jar referenced one or more files that do not exist: file:/C:/Users/xxmonise/.m2/repository/com/oracle/database/security/oraclepki/21.5.0.0/osdt_core.jar,file:/C:/Users/xxmonise/.m2/repository/com/oracle/database/security/oraclepki/21.5.0.0/osdt_cert.jar,file:/C:/Users/xxmonise/.m2/repository/com/oracle/database/security/oraclepki/oracle.osdt/osdt_core.jar,file:/C:/Users/xxmonise/.m2/repository/com/oracle/database/security/oraclepki/oracle.osdt/osdt_cert.jar
[0;39m[31m2024-03-21 17:33:58,145[0;39m [32m[INFO][0;39m org.springframework.boot.devtools.env.DevToolsPropertyDefaultsPostProcessor restartedMain [32mDevtools property defaults active! Set 'spring.devtools.add-properties' to 'false' to disable
[0;39m[31m2024-03-21 17:33:58,145[0;39m [32m[INFO][0;39m org.springframework.boot.devtools.env.DevToolsPropertyDefaultsPostProcessor restartedMain [32mFor additional web related logging consider setting the 'logging.level.web' property to 'DEBUG'
[0;39m[31m2024-03-21 17:33:58,714[0;39m [32m[INFO][0;39m org.springframework.data.repository.config.RepositoryConfigurationDelegate restartedMain [32mMultiple Spring Data modules found, entering strict repository configuration mode
[0;39m[31m2024-03-21 17:33:58,715[0;39m [32m[INFO][0;39m org.springframework.data.repository.config.RepositoryConfigurationDelegate restartedMain [32mBootstrapping Spring Data JDBC repositories in DEFAULT mode.
[0;39m[31m2024-03-21 17:33:58,719[0;39m [32m[INFO][0;39m org.springframework.data.repository.config.RepositoryConfigurationDelegate restartedMain [32mFinished Spring Data repository scanning in 3 ms. Found 0 JDBC repository interfaces.
[0;39m[31m2024-03-21 17:33:58,725[0;39m [32m[INFO][0;39m org.springframework.data.repository.config.RepositoryConfigurationDelegate restartedMain [32mMultiple Spring Data modules found, entering strict repository configuration mode
[0;39m[31m2024-03-21 17:33:58,725[0;39m [32m[INFO][0;39m org.springframework.data.repository.config.RepositoryConfigurationDelegate restartedMain [32mBootstrapping Spring Data JPA repositories in DEFAULT mode.
[0;39m[31m2024-03-21 17:33:58,725[0;39m [32m[INFO][0;39m org.springframework.data.repository.config.RepositoryConfigurationDelegate restartedMain [32mFinished Spring Data repository scanning in 0 ms. Found 0 JPA repository interfaces.
[0;39m[31m2024-03-21 17:33:59,100[0;39m [32m[INFO][0;39m org.springframework.boot.web.embedded.tomcat.TomcatWebServer restartedMain [32mTomcat initialized with port(s): 8081 (http)
[0;39m[31m2024-03-21 17:33:59,102[0;39m [32m[INFO][0;39m org.apache.catalina.core.StandardService restartedMain [32mStarting service [Tomcat]
[0;39m[31m2024-03-21 17:33:59,102[0;39m [32m[INFO][0;39m org.apache.catalina.core.StandardEngine restartedMain [32mStarting Servlet engine: [Apache Tomcat/9.0.73]
[0;39m[31m2024-03-21 17:33:59,164[0;39m [32m[INFO][0;39m org.apache.catalina.core.ContainerBase.[Tomcat].[localhost].[/] restartedMain [32mInitializing Spring embedded WebApplicationContext
[0;39m[31m2024-03-21 17:33:59,164[0;39m [32m[INFO][0;39m org.springframework.boot.web.servlet.context.ServletWebServerApplicationContext restartedMain [32mRoot WebApplicationContext: initialization completed in 1017 ms
[0;39m[31m2024-03-21 17:33:59,259[0;39m [32m[INFO][0;39m com.zaxxer.hikari.HikariDataSource restartedMain [32mHikariPool-1 - Starting...
[0;39m[31m2024-03-21 17:33:59,259[0;39m [32m[WARN][0;39m com.zaxxer.hikari.util.DriverDataSource restartedMain [32mRegistered driver with driverClassName=oracle.jdbc.driver.OracleDriver was not found, trying direct instantiation.
[0;39m[31m2024-03-21 17:33:59,322[0;39m [32m[INFO][0;39m com.zaxxer.hikari.pool.PoolBase restartedMain [32mHikariPool-1 - Driver does not support get/set network timeout for connections. (oracle.jdbc.driver.T4CConnection.getNetworkTimeout()I)
[0;39m[31m2024-03-21 17:33:59,322[0;39m [32m[INFO][0;39m com.zaxxer.hikari.HikariDataSource restartedMain [32mHikariPool-1 - Start completed.
[0;39m[31m2024-03-21 17:33:59,353[0;39m [32m[INFO][0;39m org.hibernate.jpa.internal.util.LogHelper restartedMain [32mHHH000204: Processing PersistenceUnitInfo [name: default]
[0;39m[31m2024-03-21 17:33:59,384[0;39m [32m[INFO][0;39m org.hibernate.Version restartedMain [32mHHH000412: Hibernate ORM core version 5.6.15.Final
[0;39m[31m2024-03-21 17:33:59,526[0;39m [32m[INFO][0;39m org.hibernate.annotations.common.Version restartedMain [32mHCANN000001: Hibernate Commons Annotations {5.1.2.Final}
[0;39m[31m2024-03-21 17:33:59,620[0;39m [32m[INFO][0;39m org.hibernate.dialect.Dialect restartedMain [32mHHH000400: Using dialect: org.hibernate.dialect.Oracle10gDialect
[0;39m[31m2024-03-21 17:33:59,966[0;39m [32m[INFO][0;39m org.hibernate.engine.transaction.jta.platform.internal.JtaPlatformInitiator restartedMain [32mHHH000490: Using JtaPlatform implementation: [org.hibernate.engine.transaction.jta.platform.internal.NoJtaPlatform]
[0;39m[31m2024-03-21 17:33:59,966[0;39m [32m[INFO][0;39m org.springframework.orm.jpa.LocalContainerEntityManagerFactoryBean restartedMain [32mInitialized JPA EntityManagerFactory for persistence unit 'default'
[0;39m[31m2024-03-21 17:34:00,013[0;39m [32m[WARN][0;39m org.springframework.boot.autoconfigure.orm.jpa.JpaBaseConfiguration$JpaWebConfiguration restartedMain [32mspring.jpa.open-in-view is enabled by default. Therefore, database queries may be performed during view rendering. Explicitly configure spring.jpa.open-in-view to disable this warning
[0;39m[31m2024-03-21 17:34:00,312[0;39m [32m[INFO][0;39m org.springframework.boot.devtools.autoconfigure.OptionalLiveReloadServer restartedMain [32mLiveReload server is running on port 35729
[0;39m[31m2024-03-21 17:34:00,328[0;39m [32m[INFO][0;39m org.springframework.boot.web.embedded.tomcat.TomcatWebServer restartedMain [32mTomcat started on port(s): 8081 (http) with context path ''
[0;39m[31m2024-03-21 17:34:00,344[0;39m [32m[INFO][0;39m com.example.jdbctemplate.JdbctemplateApplication restartedMain [32mStarted JdbctemplateApplication in 2.671 seconds (JVM running for 3.464)
[0;39m[31m2024-03-21 17:36:51,679[0;39m [32m[INFO][0;39m com.example.jdbctemplate.JdbctemplateApplication restartedMain [32mStarting JdbctemplateApplication using Java 1.8.0_292 on WPG02VBMJ with PID 18716 (C:\DLTE-Java-Full-Stack-ElroyMerwynMonis-2024\DLTE-Spring\DLTE-Spring-Tasks\Task1089\target\classes started by xxmonise in C:\DLTE-Java-Full-Stack-ElroyMerwynMonis-2024\DLTE-Spring\DLTE-Spring-Tasks\Task1089)
[0;39m[31m2024-03-21 17:36:51,679[0;39m [32m[INFO][0;39m com.example.jdbctemplate.JdbctemplateApplication restartedMain [32mNo active profile set, falling back to 1 default profile: "default"
[0;39m[31m2024-03-21 17:36:51,726[0;39m [32m[INFO][0;39m org.springframework.boot.devtools.restart.ChangeableUrls restartedMain [32mThe Class-Path manifest attribute in C:\Users\xxmonise\.m2\repository\com\oracle\database\security\oraclepki\21.5.0.0\oraclepki-21.5.0.0.jar referenced one or more files that do not exist: file:/C:/Users/xxmonise/.m2/repository/com/oracle/database/security/oraclepki/21.5.0.0/osdt_core.jar,file:/C:/Users/xxmonise/.m2/repository/com/oracle/database/security/oraclepki/21.5.0.0/osdt_cert.jar,file:/C:/Users/xxmonise/.m2/repository/com/oracle/database/security/oraclepki/oracle.osdt/osdt_core.jar,file:/C:/Users/xxmonise/.m2/repository/com/oracle/database/security/oraclepki/oracle.osdt/osdt_cert.jar
[0;39m[31m2024-03-21 17:36:51,726[0;39m [32m[INFO][0;39m org.springframework.boot.devtools.env.DevToolsPropertyDefaultsPostProcessor restartedMain [32mDevtools property defaults active! Set 'spring.devtools.add-properties' to 'false' to disable
[0;39m[31m2024-03-21 17:36:51,726[0;39m [32m[INFO][0;39m org.springframework.boot.devtools.env.DevToolsPropertyDefaultsPostProcessor restartedMain [32mFor additional web related logging consider setting the 'logging.level.web' property to 'DEBUG'
[0;39m[31m2024-03-21 17:36:52,499[0;39m [32m[INFO][0;39m org.springframework.data.repository.config.RepositoryConfigurationDelegate restartedMain [32mMultiple Spring Data modules found, entering strict repository configuration mode
[0;39m[31m2024-03-21 17:36:52,499[0;39m [32m[INFO][0;39m org.springframework.data.repository.config.RepositoryConfigurationDelegate restartedMain [32mBootstrapping Spring Data JDBC repositories in DEFAULT mode.
[0;39m[31m2024-03-21 17:36:52,499[0;39m [32m[INFO][0;39m org.springframework.data.repository.config.RepositoryConfigurationDelegate restartedMain [32mFinished Spring Data repository scanning in 5 ms. Found 0 JDBC repository interfaces.
[0;39m[31m2024-03-21 17:36:52,514[0;39m [32m[INFO][0;39m org.springframework.data.repository.config.RepositoryConfigurationDelegate restartedMain [32mMultiple Spring Data modules found, entering strict repository configuration mode
[0;39m[31m2024-03-21 17:36:52,514[0;39m [32m[INFO][0;39m org.springframework.data.repository.config.RepositoryConfigurationDelegate restartedMain [32mBootstrapping Spring Data JPA repositories in DEFAULT mode.
[0;39m[31m2024-03-21 17:36:52,524[0;39m [32m[INFO][0;39m org.springframework.data.repository.config.RepositoryConfigurationDelegate restartedMain [32mFinished Spring Data repository scanning in 1 ms. Found 0 JPA repository interfaces.
[0;39m[31m2024-03-21 17:36:52,971[0;39m [32m[INFO][0;39m org.springframework.boot.web.embedded.tomcat.TomcatWebServer restartedMain [32mTomcat initialized with port(s): 8081 (http)
[0;39m[31m2024-03-21 17:36:52,971[0;39m [32m[INFO][0;39m org.apache.catalina.core.StandardService restartedMain [32mStarting service [Tomcat]
[0;39m[31m2024-03-21 17:36:52,971[0;39m [32m[INFO][0;39m org.apache.catalina.core.StandardEngine restartedMain [32mStarting Servlet engine: [Apache Tomcat/9.0.73]
[0;39m[31m2024-03-21 17:36:53,034[0;39m [32m[INFO][0;39m org.apache.catalina.core.ContainerBase.[Tomcat].[localhost].[/] restartedMain [32mInitializing Spring embedded WebApplicationContext
[0;39m[31m2024-03-21 17:36:53,034[0;39m [32m[INFO][0;39m org.springframework.boot.web.servlet.context.ServletWebServerApplicationContext restartedMain [32mRoot WebApplicationContext: initialization completed in 1308 ms
[0;39m[31m2024-03-21 17:36:53,159[0;39m [32m[INFO][0;39m org.hibernate.jpa.internal.util.LogHelper restartedMain [32mHHH000204: Processing PersistenceUnitInfo [name: default]
[0;39m[31m2024-03-21 17:36:53,191[0;39m [32m[INFO][0;39m org.hibernate.Version restartedMain [32mHHH000412: Hibernate ORM core version 5.6.15.Final
[0;39m[31m2024-03-21 17:36:53,326[0;39m [32m[INFO][0;39m org.hibernate.annotations.common.Version restartedMain [32mHCANN000001: Hibernate Commons Annotations {5.1.2.Final}
[0;39m[31m2024-03-21 17:36:53,379[0;39m [32m[INFO][0;39m com.zaxxer.hikari.HikariDataSource restartedMain [32mHikariPool-1 - Starting...
[0;39m[31m2024-03-21 17:36:53,379[0;39m [32m[WARN][0;39m com.zaxxer.hikari.util.DriverDataSource restartedMain [32mRegistered driver with driverClassName=oracle.jdbc.driver.OracleDriver was not found, trying direct instantiation.
[0;39m[31m2024-03-21 17:36:53,458[0;39m [32m[INFO][0;39m com.zaxxer.hikari.pool.PoolBase restartedMain [32mHikariPool-1 - Driver does not support get/set network timeout for connections. (oracle.jdbc.driver.T4CConnection.getNetworkTimeout()I)
[0;39m[31m2024-03-21 17:36:53,458[0;39m [32m[INFO][0;39m com.zaxxer.hikari.HikariDataSource restartedMain [32mHikariPool-1 - Start completed.
[0;39m[31m2024-03-21 17:36:53,473[0;39m [32m[INFO][0;39m org.hibernate.dialect.Dialect restartedMain [32mHHH000400: Using dialect: org.hibernate.dialect.Oracle10gDialect
[0;39m[31m2024-03-21 17:36:54,072[0;39m [32m[INFO][0;39m org.hibernate.engine.transaction.jta.platform.internal.JtaPlatformInitiator restartedMain [32mHHH000490: Using JtaPlatform implementation: [org.hibernate.engine.transaction.jta.platform.internal.NoJtaPlatform]
[0;39m[31m2024-03-21 17:36:54,088[0;39m [32m[INFO][0;39m org.springframework.orm.jpa.LocalContainerEntityManagerFactoryBean restartedMain [32mInitialized JPA EntityManagerFactory for persistence unit 'default'
[0;39m[31m2024-03-21 17:36:54,119[0;39m [32m[WARN][0;39m org.springframework.boot.autoconfigure.orm.jpa.JpaBaseConfiguration$JpaWebConfiguration restartedMain [32mspring.jpa.open-in-view is enabled by default. Therefore, database queries may be performed during view rendering. Explicitly configure spring.jpa.open-in-view to disable this warning
[0;39m[31m2024-03-21 17:36:54,388[0;39m [32m[INFO][0;39m org.springframework.boot.devtools.autoconfigure.OptionalLiveReloadServer restartedMain [32mLiveReload server is running on port 35729
[0;39m[31m2024-03-21 17:36:54,420[0;39m [32m[INFO][0;39m org.springframework.boot.web.embedded.tomcat.TomcatWebServer restartedMain [32mTomcat started on port(s): 8081 (http) with context path ''
[0;39m[31m2024-03-21 17:36:54,435[0;39m [32m[INFO][0;39m com.example.jdbctemplate.JdbctemplateApplication restartedMain [32mStarted JdbctemplateApplication in 3.316 seconds (JVM running for 4.131)
[0;39m[31m2024-03-21 20:40:35,224[0;39m [32m[INFO][0;39m com.example.jdbctemplate.JdbctemplateApplication restartedMain [32mStarting JdbctemplateApplication using Java 1.8.0_292 on WPG02VBMJ with PID 10140 (C:\DLTE-Java-Full-Stack-ElroyMerwynMonis-2024\DLTE-Spring\DLTE-Spring-Tasks\Task1089\target\classes started by xxmonise in C:\DLTE-Java-Full-Stack-ElroyMerwynMonis-2024\DLTE-Spring\DLTE-Spring-Tasks\Task1089)
[0;39m[31m2024-03-21 20:40:35,224[0;39m [32m[INFO][0;39m com.example.jdbctemplate.JdbctemplateApplication restartedMain [32mNo active profile set, falling back to 1 default profile: "default"
[0;39m[31m2024-03-21 20:40:35,273[0;39m [32m[INFO][0;39m org.springframework.boot.devtools.restart.ChangeableUrls restartedMain [32mThe Class-Path manifest attribute in C:\Users\xxmonise\.m2\repository\com\oracle\database\security\oraclepki\21.5.0.0\oraclepki-21.5.0.0.jar referenced one or more files that do not exist: file:/C:/Users/xxmonise/.m2/repository/com/oracle/database/security/oraclepki/21.5.0.0/osdt_core.jar,file:/C:/Users/xxmonise/.m2/repository/com/oracle/database/security/oraclepki/21.5.0.0/osdt_cert.jar,file:/C:/Users/xxmonise/.m2/repository/com/oracle/database/security/oraclepki/oracle.osdt/osdt_core.jar,file:/C:/Users/xxmonise/.m2/repository/com/oracle/database/security/oraclepki/oracle.osdt/osdt_cert.jar
[0;39m[31m2024-03-21 20:40:35,273[0;39m [32m[INFO][0;39m org.springframework.boot.devtools.env.DevToolsPropertyDefaultsPostProcessor restartedMain [32mDevtools property defaults active! Set 'spring.devtools.add-properties' to 'false' to disable
[0;39m[31m2024-03-21 20:40:35,273[0;39m [32m[INFO][0;39m org.springframework.boot.devtools.env.DevToolsPropertyDefaultsPostProcessor restartedMain [32mFor additional web related logging consider setting the 'logging.level.web' property to 'DEBUG'
[0;39m[31m2024-03-21 20:40:36,273[0;39m [32m[INFO][0;39m org.springframework.data.repository.config.RepositoryConfigurationDelegate restartedMain [32mMultiple Spring Data modules found, entering strict repository configuration mode
[0;39m[31m2024-03-21 20:40:36,273[0;39m [32m[INFO][0;39m org.springframework.data.repository.config.RepositoryConfigurationDelegate restartedMain [32mBootstrapping Spring Data JDBC repositories in DEFAULT mode.
[0;39m[31m2024-03-21 20:40:36,280[0;39m [32m[INFO][0;39m org.springframework.data.repository.config.RepositoryConfigurationDelegate restartedMain [32mFinished Spring Data repository scanning in 9 ms. Found 0 JDBC repository interfaces.
[0;39m[31m2024-03-21 20:40:36,312[0;39m [32m[INFO][0;39m org.springframework.data.repository.config.RepositoryConfigurationDelegate restartedMain [32mMultiple Spring Data modules found, entering strict repository configuration mode
[0;39m[31m2024-03-21 20:40:36,312[0;39m [32m[INFO][0;39m org.springframework.data.repository.config.RepositoryConfigurationDelegate restartedMain [32mBootstrapping Spring Data JPA repositories in DEFAULT mode.
[0;39m[31m2024-03-21 20:40:36,312[0;39m [32m[INFO][0;39m org.springframework.data.repository.config.RepositoryConfigurationDelegate restartedMain [32mFinished Spring Data repository scanning in 2 ms. Found 0 JPA repository interfaces.
[0;39m[31m2024-03-21 20:40:37,776[0;39m [32m[INFO][0;39m org.springframework.boot.web.embedded.tomcat.TomcatWebServer restartedMain [32mTomcat initialized with port(s): 8081 (http)
[0;39m[31m2024-03-21 20:40:37,790[0;39m [32m[INFO][0;39m org.apache.catalina.core.StandardService restartedMain [32mStarting service [Tomcat]
[0;39m[31m2024-03-21 20:40:37,790[0;39m [32m[INFO][0;39m org.apache.catalina.core.StandardEngine restartedMain [32mStarting Servlet engine: [Apache Tomcat/9.0.73]
[0;39m[31m2024-03-21 20:40:38,010[0;39m [32m[INFO][0;39m org.apache.catalina.core.ContainerBase.[Tomcat].[localhost].[/] restartedMain [32mInitializing Spring embedded WebApplicationContext
[0;39m[31m2024-03-21 20:40:38,010[0;39m [32m[INFO][0;39m org.springframework.boot.web.servlet.context.ServletWebServerApplicationContext restartedMain [32mRoot WebApplicationContext: initialization completed in 2737 ms
[0;39m[31m2024-03-21 20:40:38,387[0;39m [32m[INFO][0;39m com.zaxxer.hikari.HikariDataSource restartedMain [32mHikariPool-1 - Starting...
[0;39m[31m2024-03-21 20:40:38,387[0;39m [32m[WARN][0;39m com.zaxxer.hikari.util.DriverDataSource restartedMain [32mRegistered driver with driverClassName=oracle.jdbc.driver.OracleDriver was not found, trying direct instantiation.
[0;39m[31m2024-03-21 20:40:38,607[0;39m [32m[INFO][0;39m com.zaxxer.hikari.pool.PoolBase restartedMain [32mHikariPool-1 - Driver does not support get/set network timeout for connections. (oracle.jdbc.driver.T4CConnection.getNetworkTimeout()I)
[0;39m[31m2024-03-21 20:40:38,607[0;39m [32m[INFO][0;39m com.zaxxer.hikari.HikariDataSource restartedMain [32mHikariPool-1 - Start completed.
[0;39m[31m2024-03-21 20:40:38,701[0;39m [32m[INFO][0;39m org.hibernate.jpa.internal.util.LogHelper restartedMain [32mHHH000204: Processing PersistenceUnitInfo [name: default]
[0;39m[31m2024-03-21 20:40:38,862[0;39m [32m[INFO][0;39m org.hibernate.Version restartedMain [32mHHH000412: Hibernate ORM core version 5.6.15.Final
[0;39m[31m2024-03-21 20:40:39,395[0;39m [32m[INFO][0;39m org.hibernate.annotations.common.Version restartedMain [32mHCANN000001: Hibernate Commons Annotations {5.1.2.Final}
[0;39m[31m2024-03-21 20:40:39,631[0;39m [32m[INFO][0;39m org.hibernate.dialect.Dialect restartedMain [32mHHH000400: Using dialect: org.hibernate.dialect.Oracle10gDialect
[0;39m[31m2024-03-21 20:40:40,009[0;39m [32m[INFO][0;39m org.hibernate.engine.transaction.jta.platform.internal.JtaPlatformInitiator restartedMain [32mHHH000490: Using JtaPlatform implementation: [org.hibernate.engine.transaction.jta.platform.internal.NoJtaPlatform]
[0;39m[31m2024-03-21 20:40:40,040[0;39m [32m[INFO][0;39m org.springframework.orm.jpa.LocalContainerEntityManagerFactoryBean restartedMain [32mInitialized JPA EntityManagerFactory for persistence unit 'default'
[0;39m[31m2024-03-21 20:40:40,150[0;39m [32m[WARN][0;39m org.springframework.boot.autoconfigure.orm.jpa.JpaBaseConfiguration$JpaWebConfiguration restartedMain [32mspring.jpa.open-in-view is enabled by default. Therefore, database queries may be performed during view rendering. Explicitly configure spring.jpa.open-in-view to disable this warning
[0;39m[31m2024-03-21 20:40:40,763[0;39m [32m[INFO][0;39m org.springframework.boot.devtools.autoconfigure.OptionalLiveReloadServer restartedMain [32mLiveReload server is running on port 35729
[0;39m[31m2024-03-21 20:40:40,826[0;39m [32m[INFO][0;39m org.springframework.boot.web.embedded.tomcat.TomcatWebServer restartedMain [32mTomcat started on port(s): 8081 (http) with context path ''
[0;39m[31m2024-03-21 20:40:40,841[0;39m [32m[INFO][0;39m com.example.jdbctemplate.JdbctemplateApplication restartedMain [32mStarted JdbctemplateApplication in 6.186 seconds (JVM running for 7.406)
[0;39m[31m2024-03-21 20:43:26,942[0;39m [32m[INFO][0;39m org.apache.catalina.core.ContainerBase.[Tomcat].[localhost].[/] http-nio-8081-exec-1 [32mInitializing Spring DispatcherServlet 'dispatcherServlet'
[0;39m[31m2024-03-21 20:43:26,942[0;39m [32m[INFO][0;39m org.springframework.web.servlet.DispatcherServlet http-nio-8081-exec-1 [32mInitializing Servlet 'dispatcherServlet'
[0;39m[31m2024-03-21 20:43:26,942[0;39m [32m[INFO][0;39m org.springframework.web.servlet.DispatcherServlet http-nio-8081-exec-1 [32mCompleted initialization in 0 ms
[0;39m[31m2024-03-21 21:09:40,398[0;39m [32m[INFO][0;39m com.example.jdbctemplate.JdbctemplateApplication restartedMain [32mStarting JdbctemplateApplication using Java 1.8.0_292 on WPG02VBMJ with PID 4380 (C:\DLTE-Java-Full-Stack-ElroyMerwynMonis-2024\DLTE-Spring\DLTE-Spring-Tasks\Task1089\target\classes started by xxmonise in C:\DLTE-Java-Full-Stack-ElroyMerwynMonis-2024\DLTE-Spring\DLTE-Spring-Tasks\Task1089)
[0;39m[31m2024-03-21 21:09:40,407[0;39m [32m[INFO][0;39m com.example.jdbctemplate.JdbctemplateApplication restartedMain [32mNo active profile set, falling back to 1 default profile: "default"
[0;39m[31m2024-03-21 21:09:40,454[0;39m [32m[INFO][0;39m org.springframework.boot.devtools.restart.ChangeableUrls restartedMain [32mThe Class-Path manifest attribute in C:\Users\xxmonise\.m2\repository\com\oracle\database\security\oraclepki\21.5.0.0\oraclepki-21.5.0.0.jar referenced one or more files that do not exist: file:/C:/Users/xxmonise/.m2/repository/com/oracle/database/security/oraclepki/21.5.0.0/osdt_core.jar,file:/C:/Users/xxmonise/.m2/repository/com/oracle/database/security/oraclepki/21.5.0.0/osdt_cert.jar,file:/C:/Users/xxmonise/.m2/repository/com/oracle/database/security/oraclepki/oracle.osdt/osdt_core.jar,file:/C:/Users/xxmonise/.m2/repository/com/oracle/database/security/oraclepki/oracle.osdt/osdt_cert.jar
[0;39m[31m2024-03-21 21:09:40,454[0;39m [32m[INFO][0;39m org.springframework.boot.devtools.env.DevToolsPropertyDefaultsPostProcessor restartedMain [32mDevtools property defaults active! Set 'spring.devtools.add-properties' to 'false' to disable
[0;39m[31m2024-03-21 21:09:40,454[0;39m [32m[INFO][0;39m org.springframework.boot.devtools.env.DevToolsPropertyDefaultsPostProcessor restartedMain [32mFor additional web related logging consider setting the 'logging.level.web' property to 'DEBUG'
[0;39m[31m2024-03-21 21:09:41,101[0;39m [32m[INFO][0;39m org.springframework.data.repository.config.RepositoryConfigurationDelegate restartedMain [32mMultiple Spring Data modules found, entering strict repository configuration mode
[0;39m[31m2024-03-21 21:09:41,104[0;39m [32m[INFO][0;39m org.springframework.data.repository.config.RepositoryConfigurationDelegate restartedMain [32mBootstrapping Spring Data JDBC repositories in DEFAULT mode.
[0;39m[31m2024-03-21 21:09:41,105[0;39m [32m[INFO][0;39m org.springframework.data.repository.config.RepositoryConfigurationDelegate restartedMain [32mFinished Spring Data repository scanning in 5 ms. Found 0 JDBC repository interfaces.
[0;39m[31m2024-03-21 21:09:41,114[0;39m [32m[INFO][0;39m org.springframework.data.repository.config.RepositoryConfigurationDelegate restartedMain [32mMultiple Spring Data modules found, entering strict repository configuration mode
[0;39m[31m2024-03-21 21:09:41,114[0;39m [32m[INFO][0;39m org.springframework.data.repository.config.RepositoryConfigurationDelegate restartedMain [32mBootstrapping Spring Data JPA repositories in DEFAULT mode.
[0;39m[31m2024-03-21 21:09:41,114[0;39m [32m[INFO][0;39m org.springframework.data.repository.config.RepositoryConfigurationDelegate restartedMain [32mFinished Spring Data repository scanning in 1 ms. Found 0 JPA repository interfaces.
[0;39m[31m2024-03-21 21:09:41,588[0;39m [32m[INFO][0;39m org.springframework.boot.web.embedded.tomcat.TomcatWebServer restartedMain [32mTomcat initialized with port(s): 8081 (http)
[0;39m[31m2024-03-21 21:09:41,588[0;39m [32m[INFO][0;39m org.apache.catalina.core.StandardService restartedMain [32mStarting service [Tomcat]
[0;39m[31m2024-03-21 21:09:41,588[0;39m [32m[INFO][0;39m org.apache.catalina.core.StandardEngine restartedMain [32mStarting Servlet engine: [Apache Tomcat/9.0.73]
[0;39m[31m2024-03-21 21:09:41,668[0;39m [32m[INFO][0;39m org.apache.catalina.core.ContainerBase.[Tomcat].[localhost].[/] restartedMain [32mInitializing Spring embedded WebApplicationContext
[0;39m[31m2024-03-21 21:09:41,668[0;39m [32m[INFO][0;39m org.springframework.boot.web.servlet.context.ServletWebServerApplicationContext restartedMain [32mRoot WebApplicationContext: initialization completed in 1214 ms
[0;39m[31m2024-03-21 21:09:41,825[0;39m [32m[INFO][0;39m com.zaxxer.hikari.HikariDataSource restartedMain [32mHikariPool-1 - Starting...
[0;39m[31m2024-03-21 21:09:41,825[0;39m [32m[WARN][0;39m com.zaxxer.hikari.util.DriverDataSource restartedMain [32mRegistered driver with driverClassName=oracle.jdbc.driver.OracleDriver was not found, trying direct instantiation.
[0;39m[31m2024-03-21 21:09:41,936[0;39m [32m[INFO][0;39m com.zaxxer.hikari.pool.PoolBase restartedMain [32mHikariPool-1 - Driver does not support get/set network timeout for connections. (oracle.jdbc.driver.T4CConnection.getNetworkTimeout()I)
[0;39m[31m2024-03-21 21:09:41,936[0;39m [32m[INFO][0;39m com.zaxxer.hikari.HikariDataSource restartedMain [32mHikariPool-1 - Start completed.
[0;39m[31m2024-03-21 21:09:41,967[0;39m [32m[INFO][0;39m org.hibernate.jpa.internal.util.LogHelper restartedMain [32mHHH000204: Processing PersistenceUnitInfo [name: default]
[0;39m[31m2024-03-21 21:09:42,015[0;39m [32m[INFO][0;39m org.hibernate.Version restartedMain [32mHHH000412: Hibernate ORM core version 5.6.15.Final
[0;39m[31m2024-03-21 21:09:42,203[0;39m [32m[INFO][0;39m org.hibernate.annotations.common.Version restartedMain [32mHCANN000001: Hibernate Commons Annotations {5.1.2.Final}
[0;39m[31m2024-03-21 21:09:42,298[0;39m [32m[INFO][0;39m org.hibernate.dialect.Dialect restartedMain [32mHHH000400: Using dialect: org.hibernate.dialect.Oracle10gDialect
[0;39m[31m2024-03-21 21:09:42,455[0;39m [32m[INFO][0;39m org.hibernate.engine.transaction.jta.platform.internal.JtaPlatformInitiator restartedMain [32mHHH000490: Using JtaPlatform implementation: [org.hibernate.engine.transaction.jta.platform.internal.NoJtaPlatform]
[0;39m[31m2024-03-21 21:09:42,471[0;39m [32m[INFO][0;39m org.springframework.orm.jpa.LocalContainerEntityManagerFactoryBean restartedMain [32mInitialized JPA EntityManagerFactory for persistence unit 'default'
[0;39m[31m2024-03-21 21:09:42,517[0;39m [32m[WARN][0;39m org.springframework.boot.autoconfigure.orm.jpa.JpaBaseConfiguration$JpaWebConfiguration restartedMain [32mspring.jpa.open-in-view is enabled by default. Therefore, database queries may be performed during view rendering. Explicitly configure spring.jpa.open-in-view to disable this warning
[0;39m[31m2024-03-21 21:09:42,864[0;39m [32m[INFO][0;39m org.springframework.boot.devtools.autoconfigure.OptionalLiveReloadServer restartedMain [32mLiveReload server is running on port 35729
[0;39m[31m2024-03-21 21:09:42,912[0;39m [32m[INFO][0;39m org.springframework.boot.web.embedded.tomcat.TomcatWebServer restartedMain [32mTomcat started on port(s): 8081 (http) with context path ''
[0;39m[31m2024-03-21 21:09:42,912[0;39m [32m[INFO][0;39m com.example.jdbctemplate.JdbctemplateApplication restartedMain [32mStarted JdbctemplateApplication in 2.944 seconds (JVM running for 3.818)
[0;39m[31m2024-03-21 21:10:04,132[0;39m [32m[INFO][0;39m org.apache.catalina.core.ContainerBase.[Tomcat].[localhost].[/] http-nio-8081-exec-1 [32mInitializing Spring DispatcherServlet 'dispatcherServlet'
[0;39m[31m2024-03-21 21:10:04,133[0;39m [32m[INFO][0;39m org.springframework.web.servlet.DispatcherServlet http-nio-8081-exec-1 [32mInitializing Servlet 'dispatcherServlet'
[0;39m[31m2024-03-21 21:10:04,135[0;39m [32m[INFO][0;39m org.springframework.web.servlet.DispatcherServlet http-nio-8081-exec-1 [32mCompleted initialization in 1 ms
[0;39m[31m2024-03-21 21:12:09,073[0;39m [32m[WARN][0;39m org.springframework.web.servlet.mvc.support.DefaultHandlerExceptionResolver http-nio-8081-exec-6 [32mResolved [org.springframework.web.HttpMediaTypeNotSupportedException: Content type 'application/xml;charset=UTF-8' not supported]
[0;39m[31m2024-03-21 21:14:10,208[0;39m [32m[WARN][0;39m org.springframework.web.servlet.mvc.support.DefaultHandlerExceptionResolver http-nio-8081-exec-10 [32mResolved [org.springframework.web.HttpRequestMethodNotSupportedException: Request method 'POST' not supported]
[0;39m[31m2024-03-21 21:15:09,611[0;39m [32m[WARN][0;39m org.springframework.web.servlet.mvc.support.DefaultHandlerExceptionResolver http-nio-8081-exec-1 [32mResolved [org.springframework.web.bind.MissingPathVariableException: Required URI template variable 'reciever' for method parameter type String is not present]
[0;39m[31m2024-03-21 21:16:01,319[0;39m [32m[INFO][0;39m com.example.jdbctemplate.JdbctemplateApplication restartedMain [32mStarting JdbctemplateApplication using Java 1.8.0_292 on WPG02VBMJ with PID 14080 (C:\DLTE-Java-Full-Stack-ElroyMerwynMonis-2024\DLTE-Spring\DLTE-Spring-Tasks\Task1089\target\classes started by xxmonise in C:\DLTE-Java-Full-Stack-ElroyMerwynMonis-2024\DLTE-Spring\DLTE-Spring-Tasks\Task1089)
[0;39m[31m2024-03-21 21:16:01,319[0;39m [32m[INFO][0;39m com.example.jdbctemplate.JdbctemplateApplication restartedMain [32mNo active profile set, falling back to 1 default profile: "default"
[0;39m[31m2024-03-21 21:16:01,366[0;39m [32m[INFO][0;39m org.springframework.boot.devtools.restart.ChangeableUrls restartedMain [32mThe Class-Path manifest attribute in C:\Users\xxmonise\.m2\repository\com\oracle\database\security\oraclepki\21.5.0.0\oraclepki-21.5.0.0.jar referenced one or more files that do not exist: file:/C:/Users/xxmonise/.m2/repository/com/oracle/database/security/oraclepki/21.5.0.0/osdt_core.jar,file:/C:/Users/xxmonise/.m2/repository/com/oracle/database/security/oraclepki/21.5.0.0/osdt_cert.jar,file:/C:/Users/xxmonise/.m2/repository/com/oracle/database/security/oraclepki/oracle.osdt/osdt_core.jar,file:/C:/Users/xxmonise/.m2/repository/com/oracle/database/security/oraclepki/oracle.osdt/osdt_cert.jar
[0;39m[31m2024-03-21 21:16:01,366[0;39m [32m[INFO][0;39m org.springframework.boot.devtools.env.DevToolsPropertyDefaultsPostProcessor restartedMain [32mDevtools property defaults active! Set 'spring.devtools.add-properties' to 'false' to disable
[0;39m[31m2024-03-21 21:16:01,366[0;39m [32m[INFO][0;39m org.springframework.boot.devtools.env.DevToolsPropertyDefaultsPostProcessor restartedMain [32mFor additional web related logging consider setting the 'logging.level.web' property to 'DEBUG'
[0;39m[31m2024-03-21 21:16:02,122[0;39m [32m[INFO][0;39m org.springframework.data.repository.config.RepositoryConfigurationDelegate restartedMain [32mMultiple Spring Data modules found, entering strict repository configuration mode
[0;39m[31m2024-03-21 21:16:02,122[0;39m [32m[INFO][0;39m org.springframework.data.repository.config.RepositoryConfigurationDelegate restartedMain [32mBootstrapping Spring Data JDBC repositories in DEFAULT mode.
[0;39m[31m2024-03-21 21:16:02,122[0;39m [32m[INFO][0;39m org.springframework.data.repository.config.RepositoryConfigurationDelegate restartedMain [32mFinished Spring Data repository scanning in 6 ms. Found 0 JDBC repository interfaces.
[0;39m[31m2024-03-21 21:16:02,138[0;39m [32m[INFO][0;39m org.springframework.data.repository.config.RepositoryConfigurationDelegate restartedMain [32mMultiple Spring Data modules found, entering strict repository configuration mode
[0;39m[31m2024-03-21 21:16:02,138[0;39m [32m[INFO][0;39m org.springframework.data.repository.config.RepositoryConfigurationDelegate restartedMain [32mBootstrapping Spring Data JPA repositories in DEFAULT mode.
[0;39m[31m2024-03-21 21:16:02,138[0;39m [32m[INFO][0;39m org.springframework.data.repository.config.RepositoryConfigurationDelegate restartedMain [32mFinished Spring Data repository scanning in 1 ms. Found 0 JPA repository interfaces.
[0;39m[31m2024-03-21 21:16:02,626[0;39m [32m[INFO][0;39m org.springframework.boot.web.embedded.tomcat.TomcatWebServer restartedMain [32mTomcat initialized with port(s): 8081 (http)
[0;39m[31m2024-03-21 21:16:02,626[0;39m [32m[INFO][0;39m org.apache.catalina.core.StandardService restartedMain [32mStarting service [Tomcat]
[0;39m[31m2024-03-21 21:16:02,626[0;39m [32m[INFO][0;39m org.apache.catalina.core.StandardEngine restartedMain [32mStarting Servlet engine: [Apache Tomcat/9.0.73]
[0;39m[31m2024-03-21 21:16:02,711[0;39m [32m[INFO][0;39m org.apache.catalina.core.ContainerBase.[Tomcat].[localhost].[/] restartedMain [32mInitializing Spring embedded WebApplicationContext
[0;39m[31m2024-03-21 21:16:02,711[0;39m [32m[INFO][0;39m org.springframework.boot.web.servlet.context.ServletWebServerApplicationContext restartedMain [32mRoot WebApplicationContext: initialization completed in 1345 ms
[0;39m[31m2024-03-21 21:16:02,862[0;39m [32m[INFO][0;39m com.zaxxer.hikari.HikariDataSource restartedMain [32mHikariPool-1 - Starting...
[0;39m[31m2024-03-21 21:16:02,862[0;39m [32m[WARN][0;39m com.zaxxer.hikari.util.DriverDataSource restartedMain [32mRegistered driver with driverClassName=oracle.jdbc.driver.OracleDriver was not found, trying direct instantiation.
[0;39m[31m2024-03-21 21:16:02,969[0;39m [32m[INFO][0;39m com.zaxxer.hikari.pool.PoolBase restartedMain [32mHikariPool-1 - Driver does not support get/set network timeout for connections. (oracle.jdbc.driver.T4CConnection.getNetworkTimeout()I)
[0;39m[31m2024-03-21 21:16:02,977[0;39m [32m[INFO][0;39m com.zaxxer.hikari.HikariDataSource restartedMain [32mHikariPool-1 - Start completed.
[0;39m[31m2024-03-21 21:16:03,011[0;39m [32m[INFO][0;39m org.hibernate.jpa.internal.util.LogHelper restartedMain [32mHHH000204: Processing PersistenceUnitInfo [name: default]
[0;39m[31m2024-03-21 21:16:03,053[0;39m [32m[INFO][0;39m org.hibernate.Version restartedMain [32mHHH000412: Hibernate ORM core version 5.6.15.Final
[0;39m[31m2024-03-21 21:16:03,249[0;39m [32m[INFO][0;39m org.hibernate.annotations.common.Version restartedMain [32mHCANN000001: Hibernate Commons Annotations {5.1.2.Final}
[0;39m[31m2024-03-21 21:16:03,355[0;39m [32m[INFO][0;39m org.hibernate.dialect.Dialect restartedMain [32mHHH000400: Using dialect: org.hibernate.dialect.Oracle10gDialect
[0;39m[31m2024-03-21 21:16:03,571[0;39m [32m[INFO][0;39m org.hibernate.engine.transaction.jta.platform.internal.JtaPlatformInitiator restartedMain [32mHHH000490: Using JtaPlatform implementation: [org.hibernate.engine.transaction.jta.platform.internal.NoJtaPlatform]
[0;39m[31m2024-03-21 21:16:03,580[0;39m [32m[INFO][0;39m org.springframework.orm.jpa.LocalContainerEntityManagerFactoryBean restartedMain [32mInitialized JPA EntityManagerFactory for persistence unit 'default'
[0;39m[31m2024-03-21 21:16:03,645[0;39m [32m[WARN][0;39m org.springframework.boot.autoconfigure.orm.jpa.JpaBaseConfiguration$JpaWebConfiguration restartedMain [32mspring.jpa.open-in-view is enabled by default. Therefore, database queries may be performed during view rendering. Explicitly configure spring.jpa.open-in-view to disable this warning
[0;39m[31m2024-03-21 21:16:04,002[0;39m [32m[INFO][0;39m org.springframework.boot.devtools.autoconfigure.OptionalLiveReloadServer restartedMain [32mLiveReload server is running on port 35729
[0;39m[31m2024-03-21 21:16:04,040[0;39m [32m[INFO][0;39m org.springframework.boot.web.embedded.tomcat.TomcatWebServer restartedMain [32mTomcat started on port(s): 8081 (http) with context path ''
[0;39m[31m2024-03-21 21:16:04,048[0;39m [32m[INFO][0;39m com.example.jdbctemplate.JdbctemplateApplication restartedMain [32mStarted JdbctemplateApplication in 3.216 seconds (JVM running for 4.243)
[0;39m[31m2024-03-21 21:16:08,275[0;39m [32m[INFO][0;39m org.apache.catalina.core.ContainerBase.[Tomcat].[localhost].[/] http-nio-8081-exec-2 [32mInitializing Spring DispatcherServlet 'dispatcherServlet'
[0;39m[31m2024-03-21 21:16:08,275[0;39m [32m[INFO][0;39m org.springframework.web.servlet.DispatcherServlet http-nio-8081-exec-2 [32mInitializing Servlet 'dispatcherServlet'
[0;39m[31m2024-03-21 21:16:08,280[0;39m [32m[INFO][0;39m org.springframework.web.servlet.DispatcherServlet http-nio-8081-exec-2 [32mCompleted initialization in 5 ms
[0;39m[31m2024-03-21 21:46:18,721[0;39m [32m[INFO][0;39m com.example.jdbctemplate.JdbctemplateApplication restartedMain [32mStarting JdbctemplateApplication using Java 1.8.0_292 on WPG02VBMJ with PID 12412 (C:\DLTE-Java-Full-Stack-ElroyMerwynMonis-2024\DLTE-Spring\DLTE-Spring-Tasks\Task1089\target\classes started by xxmonise in C:\DLTE-Java-Full-Stack-ElroyMerwynMonis-2024\DLTE-Spring\DLTE-Spring-Tasks\Task1089)
[0;39m[31m2024-03-21 21:46:18,721[0;39m [32m[INFO][0;39m com.example.jdbctemplate.JdbctemplateApplication restartedMain [32mNo active profile set, falling back to 1 default profile: "default"
[0;39m[31m2024-03-21 21:46:18,799[0;39m [32m[INFO][0;39m org.springframework.boot.devtools.restart.ChangeableUrls restartedMain [32mThe Class-Path manifest attribute in C:\Users\xxmonise\.m2\repository\com\oracle\database\security\oraclepki\21.5.0.0\oraclepki-21.5.0.0.jar referenced one or more files that do not exist: file:/C:/Users/xxmonise/.m2/repository/com/oracle/database/security/oraclepki/21.5.0.0/osdt_core.jar,file:/C:/Users/xxmonise/.m2/repository/com/oracle/database/security/oraclepki/21.5.0.0/osdt_cert.jar,file:/C:/Users/xxmonise/.m2/repository/com/oracle/database/security/oraclepki/oracle.osdt/osdt_core.jar,file:/C:/Users/xxmonise/.m2/repository/com/oracle/database/security/oraclepki/oracle.osdt/osdt_cert.jar
[0;39m[31m2024-03-21 21:46:18,799[0;39m [32m[INFO][0;39m org.springframework.boot.devtools.env.DevToolsPropertyDefaultsPostProcessor restartedMain [32mDevtools property defaults active! Set 'spring.devtools.add-properties' to 'false' to disable
[0;39m[31m2024-03-21 21:46:18,799[0;39m [32m[INFO][0;39m org.springframework.boot.devtools.env.DevToolsPropertyDefaultsPostProcessor restartedMain [32mFor additional web related logging consider setting the 'logging.level.web' property to 'DEBUG'
[0;39m[31m2024-03-21 21:46:19,397[0;39m [32m[INFO][0;39m org.springframework.data.repository.config.RepositoryConfigurationDelegate restartedMain [32mMultiple Spring Data modules found, entering strict repository configuration mode
[0;39m[31m2024-03-21 21:46:19,397[0;39m [32m[INFO][0;39m org.springframework.data.repository.config.RepositoryConfigurationDelegate restartedMain [32mBootstrapping Spring Data JDBC repositories in DEFAULT mode.
[0;39m[31m2024-03-21 21:46:19,413[0;39m [32m[INFO][0;39m org.springframework.data.repository.config.RepositoryConfigurationDelegate restartedMain [32mFinished Spring Data repository scanning in 6 ms. Found 0 JDBC repository interfaces.
[0;39m[31m2024-03-21 21:46:19,413[0;39m [32m[INFO][0;39m org.springframework.data.repository.config.RepositoryConfigurationDelegate restartedMain [32mMultiple Spring Data modules found, entering strict repository configuration mode
[0;39m[31m2024-03-21 21:46:19,413[0;39m [32m[INFO][0;39m org.springframework.data.repository.config.RepositoryConfigurationDelegate restartedMain [32mBootstrapping Spring Data JPA repositories in DEFAULT mode.
[0;39m[31m2024-03-21 21:46:19,413[0;39m [32m[INFO][0;39m org.springframework.data.repository.config.RepositoryConfigurationDelegate restartedMain [32mFinished Spring Data repository scanning in 1 ms. Found 0 JPA repository interfaces.
[0;39m[31m2024-03-21 21:46:19,892[0;39m [32m[INFO][0;39m org.springframework.boot.web.embedded.tomcat.TomcatWebServer restartedMain [32mTomcat initialized with port(s): 8081 (http)
[0;39m[31m2024-03-21 21:46:19,901[0;39m [32m[INFO][0;39m org.apache.catalina.core.StandardService restartedMain [32mStarting service [Tomcat]
[0;39m[31m2024-03-21 21:46:19,901[0;39m [32m[INFO][0;39m org.apache.catalina.core.StandardEngine restartedMain [32mStarting Servlet engine: [Apache Tomcat/9.0.73]
[0;39m[31m2024-03-21 21:46:20,026[0;39m [32m[INFO][0;39m org.apache.catalina.core.ContainerBase.[Tomcat].[localhost].[/] restartedMain [32mInitializing Spring embedded WebApplicationContext
[0;39m[31m2024-03-21 21:46:20,026[0;39m [32m[INFO][0;39m org.springframework.boot.web.servlet.context.ServletWebServerApplicationContext restartedMain [32mRoot WebApplicationContext: initialization completed in 1227 ms
[0;39m[31m2024-03-21 21:46:20,168[0;39m [32m[INFO][0;39m com.zaxxer.hikari.HikariDataSource restartedMain [32mHikariPool-1 - Starting...
[0;39m[31m2024-03-21 21:46:20,168[0;39m [32m[WARN][0;39m com.zaxxer.hikari.util.DriverDataSource restartedMain [32mRegistered driver with driverClassName=oracle.jdbc.driver.OracleDriver was not found, trying direct instantiation.
[0;39m[31m2024-03-21 21:46:20,262[0;39m [32m[INFO][0;39m com.zaxxer.hikari.pool.PoolBase restartedMain [32mHikariPool-1 - Driver does not support get/set network timeout for connections. (oracle.jdbc.driver.T4CConnection.getNetworkTimeout()I)
[0;39m[31m2024-03-21 21:46:20,278[0;39m [32m[INFO][0;39m com.zaxxer.hikari.HikariDataSource restartedMain [32mHikariPool-1 - Start completed.
[0;39m[31m2024-03-21 21:46:20,310[0;39m [32m[INFO][0;39m org.hibernate.jpa.internal.util.LogHelper restartedMain [32mHHH000204: Processing PersistenceUnitInfo [name: default]
[0;39m[31m2024-03-21 21:46:20,341[0;39m [32m[INFO][0;39m org.hibernate.Version restartedMain [32mHHH000412: Hibernate ORM core version 5.6.15.Final
[0;39m[31m2024-03-21 21:46:20,531[0;39m [32m[INFO][0;39m org.hibernate.annotations.common.Version restartedMain [32mHCANN000001: Hibernate Commons Annotations {5.1.2.Final}
[0;39m[31m2024-03-21 21:46:20,640[0;39m [32m[INFO][0;39m org.hibernate.dialect.Dialect restartedMain [32mHHH000400: Using dialect: org.hibernate.dialect.Oracle10gDialect
[0;39m[31m2024-03-21 21:46:20,861[0;39m [32m[INFO][0;39m org.hibernate.engine.transaction.jta.platform.internal.JtaPlatformInitiator restartedMain [32mHHH000490: Using JtaPlatform implementation: [org.hibernate.engine.transaction.jta.platform.internal.NoJtaPlatform]
[0;39m[31m2024-03-21 21:46:20,877[0;39m [32m[INFO][0;39m org.springframework.orm.jpa.LocalContainerEntityManagerFactoryBean restartedMain [32mInitialized JPA EntityManagerFactory for persistence unit 'default'
[0;39m[31m2024-03-21 21:46:20,940[0;39m [32m[WARN][0;39m org.springframework.boot.autoconfigure.orm.jpa.JpaBaseConfiguration$JpaWebConfiguration restartedMain [32mspring.jpa.open-in-view is enabled by default. Therefore, database queries may be performed during view rendering. Explicitly configure spring.jpa.open-in-view to disable this warning
[0;39m[31m2024-03-21 21:46:21,301[0;39m [32m[INFO][0;39m org.springframework.boot.devtools.autoconfigure.OptionalLiveReloadServer restartedMain [32mLiveReload server is running on port 35729
[0;39m[31m2024-03-21 21:46:21,333[0;39m [32m[INFO][0;39m org.springframework.boot.web.embedded.tomcat.TomcatWebServer restartedMain [32mTomcat started on port(s): 8081 (http) with context path ''
[0;39m[31m2024-03-21 21:46:21,333[0;39m [32m[INFO][0;39m com.example.jdbctemplate.JdbctemplateApplication restartedMain [32mStarted JdbctemplateApplication in 3.051 seconds (JVM running for 3.96)
[0;39m[31m2024-03-21 21:46:33,750[0;39m [32m[INFO][0;39m org.apache.catalina.core.ContainerBase.[Tomcat].[localhost].[/] http-nio-8081-exec-3 [32mInitializing Spring DispatcherServlet 'dispatcherServlet'
[0;39m[31m2024-03-21 21:46:33,750[0;39m [32m[INFO][0;39m org.springframework.web.servlet.DispatcherServlet http-nio-8081-exec-3 [32mInitializing Servlet 'dispatcherServlet'
[0;39m[31m2024-03-21 21:46:33,750[0;39m [32m[INFO][0;39m org.springframework.web.servlet.DispatcherServlet http-nio-8081-exec-3 [32mCompleted initialization in 0 ms
[0;39m[31m2024-03-21 21:46:51,232[0;39m [32m[WARN][0;39m org.springframework.web.servlet.mvc.support.DefaultHandlerExceptionResolver http-nio-8081-exec-2 [32mResolved [org.springframework.web.method.annotation.MethodArgumentTypeMismatchException: Failed to convert value of type 'java.lang.String' to required type 'java.lang.Double'; nested exception is java.lang.NumberFormatException: For input string: "asd"]
[0;39m[31m2024-03-21 21:51:34,762[0;39m [32m[INFO][0;39m com.example.jdbctemplate.JdbctemplateApplication restartedMain [32mStarting JdbctemplateApplication using Java 1.8.0_292 on WPG02VBMJ with PID 11604 (C:\DLTE-Java-Full-Stack-ElroyMerwynMonis-2024\DLTE-Spring\DLTE-Spring-Tasks\Task1089\target\classes started by xxmonise in C:\DLTE-Java-Full-Stack-ElroyMerwynMonis-2024\DLTE-Spring\DLTE-Spring-Tasks\Task1089)
[0;39m[31m2024-03-21 21:51:34,762[0;39m [32m[INFO][0;39m com.example.jdbctemplate.JdbctemplateApplication restartedMain [32mNo active profile set, falling back to 1 default profile: "default"
[0;39m[31m2024-03-21 21:51:34,965[0;39m [32m[INFO][0;39m org.springframework.boot.devtools.restart.ChangeableUrls restartedMain [32mThe Class-Path manifest attribute in C:\Users\xxmonise\.m2\repository\com\oracle\database\security\oraclepki\21.5.0.0\oraclepki-21.5.0.0.jar referenced one or more files that do not exist: file:/C:/Users/xxmonise/.m2/repository/com/oracle/database/security/oraclepki/21.5.0.0/osdt_core.jar,file:/C:/Users/xxmonise/.m2/repository/com/oracle/database/security/oraclepki/21.5.0.0/osdt_cert.jar,file:/C:/Users/xxmonise/.m2/repository/com/oracle/database/security/oraclepki/oracle.osdt/osdt_core.jar,file:/C:/Users/xxmonise/.m2/repository/com/oracle/database/security/oraclepki/oracle.osdt/osdt_cert.jar
[0;39m[31m2024-03-21 21:51:34,965[0;39m [32m[INFO][0;39m org.springframework.boot.devtools.env.DevToolsPropertyDefaultsPostProcessor restartedMain [32mDevtools property defaults active! Set 'spring.devtools.add-properties' to 'false' to disable
[0;39m[31m2024-03-21 21:51:34,965[0;39m [32m[INFO][0;39m org.springframework.boot.devtools.env.DevToolsPropertyDefaultsPostProcessor restartedMain [32mFor additional web related logging consider setting the 'logging.level.web' property to 'DEBUG'
[0;39m[31m2024-03-21 21:51:36,728[0;39m [32m[INFO][0;39m org.springframework.data.repository.config.RepositoryConfigurationDelegate restartedMain [32mMultiple Spring Data modules found, entering strict repository configuration mode
[0;39m[31m2024-03-21 21:51:36,728[0;39m [32m[INFO][0;39m org.springframework.data.repository.config.RepositoryConfigurationDelegate restartedMain [32mBootstrapping Spring Data JDBC repositories in DEFAULT mode.
[0;39m[31m2024-03-21 21:51:36,760[0;39m [32m[INFO][0;39m org.springframework.data.repository.config.RepositoryConfigurationDelegate restartedMain [32mFinished Spring Data repository scanning in 13 ms. Found 0 JDBC repository interfaces.
[0;39m[31m2024-03-21 21:51:36,775[0;39m [32m[INFO][0;39m org.springframework.data.repository.config.RepositoryConfigurationDelegate restartedMain [32mMultiple Spring Data modules found, entering strict repository configuration mode
[0;39m[31m2024-03-21 21:51:36,775[0;39m [32m[INFO][0;39m org.springframework.data.repository.config.RepositoryConfigurationDelegate restartedMain [32mBootstrapping Spring Data JPA repositories in DEFAULT mode.
[0;39m[31m2024-03-21 21:51:36,775[0;39m [32m[INFO][0;39m org.springframework.data.repository.config.RepositoryConfigurationDelegate restartedMain [32mFinished Spring Data repository scanning in 2 ms. Found 0 JPA repository interfaces.
[0;39m[31m2024-03-21 21:51:37,626[0;39m [32m[INFO][0;39m org.springframework.boot.web.embedded.tomcat.TomcatWebServer restartedMain [32mTomcat initialized with port(s): 8081 (http)
[0;39m[31m2024-03-21 21:51:37,641[0;39m [32m[INFO][0;39m org.apache.catalina.core.StandardService restartedMain [32mStarting service [Tomcat]
[0;39m[31m2024-03-21 21:51:37,641[0;39m [32m[INFO][0;39m org.apache.catalina.core.StandardEngine restartedMain [32mStarting Servlet engine: [Apache Tomcat/9.0.73]
[0;39m[31m2024-03-21 21:51:37,768[0;39m [32m[INFO][0;39m org.apache.catalina.core.ContainerBase.[Tomcat].[localhost].[/] restartedMain [32mInitializing Spring embedded WebApplicationContext
[0;39m[31m2024-03-21 21:51:37,768[0;39m [32m[INFO][0;39m org.springframework.boot.web.servlet.context.ServletWebServerApplicationContext restartedMain [32mRoot WebApplicationContext: initialization completed in 2787 ms
[0;39m[31m2024-03-21 21:51:38,036[0;39m [32m[INFO][0;39m com.zaxxer.hikari.HikariDataSource restartedMain [32mHikariPool-1 - Starting...
[0;39m[31m2024-03-21 21:51:38,036[0;39m [32m[WARN][0;39m com.zaxxer.hikari.util.DriverDataSource restartedMain [32mRegistered driver with driverClassName=oracle.jdbc.driver.OracleDriver was not found, trying direct instantiation.
[0;39m[31m2024-03-21 21:51:38,162[0;39m [32m[INFO][0;39m com.zaxxer.hikari.pool.PoolBase restartedMain [32mHikariPool-1 - Driver does not support get/set network timeout for connections. (oracle.jdbc.driver.T4CConnection.getNetworkTimeout()I)
[0;39m[31m2024-03-21 21:51:38,178[0;39m [32m[INFO][0;39m com.zaxxer.hikari.HikariDataSource restartedMain [32mHikariPool-1 - Start completed.
[0;39m[31m2024-03-21 21:51:38,225[0;39m [32m[INFO][0;39m org.hibernate.jpa.internal.util.LogHelper restartedMain [32mHHH000204: Processing PersistenceUnitInfo [name: default]
[0;39m[31m2024-03-21 21:51:38,290[0;39m [32m[INFO][0;39m org.hibernate.Version restartedMain [32mHHH000412: Hibernate ORM core version 5.6.15.Final
[0;39m[31m2024-03-21 21:51:38,572[0;39m [32m[INFO][0;39m org.hibernate.annotations.common.Version restartedMain [32mHCANN000001: Hibernate Commons Annotations {5.1.2.Final}
[0;39m[31m2024-03-21 21:51:38,714[0;39m [32m[INFO][0;39m org.hibernate.dialect.Dialect restartedMain [32mHHH000400: Using dialect: org.hibernate.dialect.Oracle10gDialect
[0;39m[31m2024-03-21 21:51:38,988[0;39m [32m[INFO][0;39m org.hibernate.engine.transaction.jta.platform.internal.JtaPlatformInitiator restartedMain [32mHHH000490: Using JtaPlatform implementation: [org.hibernate.engine.transaction.jta.platform.internal.NoJtaPlatform]
[0;39m[31m2024-03-21 21:51:39,014[0;39m [32m[INFO][0;39m org.springframework.orm.jpa.LocalContainerEntityManagerFactoryBean restartedMain [32mInitialized JPA EntityManagerFactory for persistence unit 'default'
[0;39m[31m2024-03-21 21:51:39,125[0;39m [32m[WARN][0;39m org.springframework.boot.autoconfigure.orm.jpa.JpaBaseConfiguration$JpaWebConfiguration restartedMain [32mspring.jpa.open-in-view is enabled by default. Therefore, database queries may be performed during view rendering. Explicitly configure spring.jpa.open-in-view to disable this warning
[0;39m[31m2024-03-21 21:51:39,892[0;39m [32m[INFO][0;39m org.springframework.boot.devtools.autoconfigure.OptionalLiveReloadServer restartedMain [32mLiveReload server is running on port 35729
[0;39m[31m2024-03-21 21:51:39,971[0;39m [32m[INFO][0;39m org.springframework.boot.web.embedded.tomcat.TomcatWebServer restartedMain [32mTomcat started on port(s): 8081 (http) with context path ''
[0;39m[31m2024-03-21 21:51:39,986[0;39m [32m[INFO][0;39m com.example.jdbctemplate.JdbctemplateApplication restartedMain [32mStarted JdbctemplateApplication in 6.662 seconds (JVM running for 9.854)
[0;39m[31m2024-03-21 21:52:06,255[0;39m [32m[INFO][0;39m org.apache.catalina.core.ContainerBase.[Tomcat].[localhost].[/] http-nio-8081-exec-4 [32mInitializing Spring DispatcherServlet 'dispatcherServlet'
[0;39m[31m2024-03-21 21:52:06,255[0;39m [32m[INFO][0;39m org.springframework.web.servlet.DispatcherServlet http-nio-8081-exec-4 [32mInitializing Servlet 'dispatcherServlet'
[0;39m[31m2024-03-21 21:52:06,263[0;39m [32m[INFO][0;39m org.springframework.web.servlet.DispatcherServlet http-nio-8081-exec-4 [32mCompleted initialization in 3 ms
[0;39m[31m2024-03-21 21:52:06,287[0;39m [32m[WARN][0;39m org.springframework.web.servlet.mvc.support.DefaultHandlerExceptionResolver http-nio-8081-exec-4 [32mResolved [org.springframework.web.HttpRequestMethodNotSupportedException: Request method 'POST' not supported]
[0;39m