2024-04-05 16:33:08 [restartedMain] INFO  m.i.d.i.InsurancedaoApplication - Starting InsurancedaoApplication using Java 1.8.0_292 on WPG02VBMJ with PID 19188 (C:\DLTE-Java-Full-Stack-ElroyMerwynMonis-2024\DLTE-MyBank-Project\MyBank-Insurance-Dao\target\classes started by xxmonise in C:\DLTE-Java-Full-Stack-ElroyMerwynMonis-2024\DLTE-MyBank-Project\MyBank-Insurance-Dao)
2024-04-05 16:33:08 [restartedMain] INFO  m.i.d.i.InsurancedaoApplication - No active profile set, falling back to 1 default profile: "default"
2024-04-05 16:33:08 [restartedMain] INFO  o.s.b.d.restart.ChangeableUrls - The Class-Path manifest attribute in C:\Users\xxmonise\.m2\repository\com\oracle\database\security\oraclepki\21.5.0.0\oraclepki-21.5.0.0.jar referenced one or more files that do not exist: file:/C:/Users/xxmonise/.m2/repository/com/oracle/database/security/oraclepki/21.5.0.0/osdt_core.jar,file:/C:/Users/xxmonise/.m2/repository/com/oracle/database/security/oraclepki/21.5.0.0/osdt_cert.jar,file:/C:/Users/xxmonise/.m2/repository/com/oracle/database/security/oraclepki/oracle.osdt/osdt_core.jar,file:/C:/Users/xxmonise/.m2/repository/com/oracle/database/security/oraclepki/oracle.osdt/osdt_cert.jar
2024-04-05 16:33:08 [restartedMain] INFO  o.s.b.d.e.DevToolsPropertyDefaultsPostProcessor - Devtools property defaults active! Set 'spring.devtools.add-properties' to 'false' to disable
2024-04-05 16:33:09 [restartedMain] INFO  o.s.d.r.c.RepositoryConfigurationDelegate - Bootstrapping Spring Data JDBC repositories in DEFAULT mode.
2024-04-05 16:33:09 [restartedMain] INFO  o.s.d.r.c.RepositoryConfigurationDelegate - Finished Spring Data repository scanning in 7 ms. Found 0 JDBC repository interfaces.
2024-04-05 16:33:09 [restartedMain] INFO  com.zaxxer.hikari.HikariDataSource - HikariPool-1 - Starting...
2024-04-05 16:33:09 [restartedMain] WARN  c.z.hikari.util.DriverDataSource - Registered driver with driverClassName=oracle.jdbc.driver.OracleDriver was not found, trying direct instantiation.
2024-04-05 16:33:09 [restartedMain] INFO  com.zaxxer.hikari.pool.PoolBase - HikariPool-1 - Driver does not support get/set network timeout for connections. (oracle.jdbc.driver.T4CConnection.getNetworkTimeout()I)
2024-04-05 16:33:09 [restartedMain] INFO  com.zaxxer.hikari.HikariDataSource - HikariPool-1 - Start completed.
2024-04-05 16:33:09 [restartedMain] WARN  o.s.b.d.a.OptionalLiveReloadServer - Unable to start LiveReload server
2024-04-05 16:33:09 [restartedMain] INFO  m.i.d.i.InsurancedaoApplication - Started InsurancedaoApplication in 1.359 seconds (JVM running for 2.07)
2024-04-05 16:33:09 [SpringApplicationShutdownHook] INFO  com.zaxxer.hikari.HikariDataSource - HikariPool-1 - Shutdown initiated...
2024-04-05 16:33:09 [SpringApplicationShutdownHook] INFO  com.zaxxer.hikari.HikariDataSource - HikariPool-1 - Shutdown completed.
2024-04-05 16:51:09 [main] INFO  m.i.d.i.InsurancedaoApplicationTests - Starting InsurancedaoApplicationTests using Java 1.8.0_292 on WPG02VBMJ with PID 28060 (started by xxmonise in C:\DLTE-Java-Full-Stack-ElroyMerwynMonis-2024\DLTE-MyBank-Project\MyBank-Insurance-Dao)
2024-04-05 16:51:09 [main] INFO  m.i.d.i.InsurancedaoApplicationTests - No active profile set, falling back to 1 default profile: "default"
2024-04-05 16:51:10 [main] INFO  o.s.d.r.c.RepositoryConfigurationDelegate - Bootstrapping Spring Data JDBC repositories in DEFAULT mode.
2024-04-05 16:51:10 [main] INFO  o.s.d.r.c.RepositoryConfigurationDelegate - Finished Spring Data repository scanning in 8 ms. Found 0 JDBC repository interfaces.
2024-04-05 16:51:10 [main] INFO  com.zaxxer.hikari.HikariDataSource - HikariPool-1 - Starting...
2024-04-05 16:51:10 [main] WARN  c.z.hikari.util.DriverDataSource - Registered driver with driverClassName=oracle.jdbc.driver.OracleDriver was not found, trying direct instantiation.
2024-04-05 16:51:11 [main] INFO  com.zaxxer.hikari.pool.PoolBase - HikariPool-1 - Driver does not support get/set network timeout for connections. (oracle.jdbc.driver.T4CConnection.getNetworkTimeout()I)
2024-04-05 16:51:11 [main] INFO  com.zaxxer.hikari.HikariDataSource - HikariPool-1 - Start completed.
2024-04-05 16:51:11 [main] INFO  m.i.d.i.InsurancedaoApplicationTests - Started InsurancedaoApplicationTests in 1.905 seconds (JVM running for 4.207)
2024-04-05 16:51:11 [main] WARN  m.i.d.i.s.InsuranceAvailableDbRepo - No data found
2024-04-05 16:51:11 [SpringApplicationShutdownHook] INFO  com.zaxxer.hikari.HikariDataSource - HikariPool-1 - Shutdown initiated...
2024-04-05 16:51:11 [SpringApplicationShutdownHook] INFO  com.zaxxer.hikari.HikariDataSource - HikariPool-1 - Shutdown completed.
2024-04-05 17:01:26 [main] INFO  m.i.d.i.InsurancedaoApplicationTests - Starting InsurancedaoApplicationTests using Java 1.8.0_292 on WPG02VBMJ with PID 19232 (started by xxmonise in C:\DLTE-Java-Full-Stack-ElroyMerwynMonis-2024\DLTE-MyBank-Project\MyBank-Insurance-Dao)
2024-04-05 17:01:26 [main] INFO  m.i.d.i.InsurancedaoApplicationTests - No active profile set, falling back to 1 default profile: "default"
2024-04-05 17:01:27 [main] INFO  o.s.d.r.c.RepositoryConfigurationDelegate - Bootstrapping Spring Data JDBC repositories in DEFAULT mode.
2024-04-05 17:01:27 [main] INFO  o.s.d.r.c.RepositoryConfigurationDelegate - Finished Spring Data repository scanning in 7 ms. Found 0 JDBC repository interfaces.
2024-04-05 17:01:28 [main] INFO  com.zaxxer.hikari.HikariDataSource - HikariPool-1 - Starting...
2024-04-05 17:01:28 [main] WARN  c.z.hikari.util.DriverDataSource - Registered driver with driverClassName=oracle.jdbc.driver.OracleDriver was not found, trying direct instantiation.
2024-04-05 17:01:28 [main] INFO  com.zaxxer.hikari.pool.PoolBase - HikariPool-1 - Driver does not support get/set network timeout for connections. (oracle.jdbc.driver.T4CConnection.getNetworkTimeout()I)
2024-04-05 17:01:28 [main] INFO  com.zaxxer.hikari.HikariDataSource - HikariPool-1 - Start completed.
2024-04-05 17:01:28 [main] INFO  m.i.d.i.InsurancedaoApplicationTests - Started InsurancedaoApplicationTests in 2.586 seconds (JVM running for 5.045)
2024-04-05 17:01:28 [main] WARN  m.i.d.i.s.InsuranceAvailableDbRepo - No data found
2024-04-05 17:01:28 [SpringApplicationShutdownHook] INFO  com.zaxxer.hikari.HikariDataSource - HikariPool-1 - Shutdown initiated...
2024-04-05 17:01:28 [SpringApplicationShutdownHook] INFO  com.zaxxer.hikari.HikariDataSource - HikariPool-1 - Shutdown completed.
2024-04-05 17:02:05 [main] INFO  m.i.d.i.InsurancedaoApplicationTests - Starting InsurancedaoApplicationTests using Java 1.8.0_292 on WPG02VBMJ with PID 26488 (started by xxmonise in C:\DLTE-Java-Full-Stack-ElroyMerwynMonis-2024\DLTE-MyBank-Project\MyBank-Insurance-Dao)
2024-04-05 17:02:05 [main] INFO  m.i.d.i.InsurancedaoApplicationTests - No active profile set, falling back to 1 default profile: "default"
2024-04-05 17:02:05 [main] INFO  o.s.d.r.c.RepositoryConfigurationDelegate - Bootstrapping Spring Data JDBC repositories in DEFAULT mode.
2024-04-05 17:02:05 [main] INFO  o.s.d.r.c.RepositoryConfigurationDelegate - Finished Spring Data repository scanning in 9 ms. Found 0 JDBC repository interfaces.
2024-04-05 17:02:06 [main] INFO  com.zaxxer.hikari.HikariDataSource - HikariPool-1 - Starting...
2024-04-05 17:02:06 [main] WARN  c.z.hikari.util.DriverDataSource - Registered driver with driverClassName=oracle.jdbc.driver.OracleDriver was not found, trying direct instantiation.
2024-04-05 17:02:06 [main] INFO  com.zaxxer.hikari.pool.PoolBase - HikariPool-1 - Driver does not support get/set network timeout for connections. (oracle.jdbc.driver.T4CConnection.getNetworkTimeout()I)
2024-04-05 17:02:06 [main] INFO  com.zaxxer.hikari.HikariDataSource - HikariPool-1 - Start completed.
2024-04-05 17:02:07 [main] INFO  m.i.d.i.InsurancedaoApplicationTests - Started InsurancedaoApplicationTests in 2.506 seconds (JVM running for 4.833)
2024-04-05 17:02:07 [main] WARN  m.i.d.i.s.InsuranceAvailableDbRepo - No data found
2024-04-05 17:02:07 [SpringApplicationShutdownHook] INFO  com.zaxxer.hikari.HikariDataSource - HikariPool-1 - Shutdown initiated...
2024-04-05 17:02:07 [SpringApplicationShutdownHook] INFO  com.zaxxer.hikari.HikariDataSource - HikariPool-1 - Shutdown completed.
