2024-05-08 10:50:48 [main] INFO  m.i.dao.InsurancedaoApplicationTests - Starting InsurancedaoApplicationTests using Java 1.8.0_292 on WPG02VBMJ with PID 19696 (started by xxmonise in C:\DLTE-Java-Full-Stack-ElroyMerwynMonis-2024\DLTE-MyBank-Project\MyBank-Insurance-Dao)
2024-05-08 10:50:48 [main] DEBUG m.i.dao.InsurancedaoApplicationTests - Running with Spring Boot v2.7.10, Spring v5.3.26
2024-05-08 10:50:48 [main] INFO  m.i.dao.InsurancedaoApplicationTests - No active profile set, falling back to 1 default profile: "default"
2024-05-08 10:50:50 [main] INFO  o.s.d.r.c.RepositoryConfigurationDelegate - Bootstrapping Spring Data JDBC repositories in DEFAULT mode.
2024-05-08 10:50:50 [main] INFO  o.s.d.r.c.RepositoryConfigurationDelegate - Finished Spring Data repository scanning in 40 ms. Found 0 JDBC repository interfaces.
2024-05-08 10:50:53 [main] INFO  com.zaxxer.hikari.HikariDataSource - HikariPool-1 - Starting...
2024-05-08 10:50:53 [main] WARN  c.z.hikari.util.DriverDataSource - Registered driver with driverClassName=oracle.jdbc.driver.OracleDriver was not found, trying direct instantiation.
2024-05-08 10:50:55 [main] INFO  com.zaxxer.hikari.pool.PoolBase - HikariPool-1 - Driver does not support get/set network timeout for connections. (oracle.jdbc.driver.T4CConnection.getNetworkTimeout()I)
2024-05-08 10:50:55 [main] INFO  com.zaxxer.hikari.HikariDataSource - HikariPool-1 - Start completed.
2024-05-08 10:50:56 [main] INFO  o.s.s.web.DefaultSecurityFilterChain - Will secure any request with [org.springframework.security.web.session.DisableEncodeUrlFilter@b1534d3, org.springframework.security.web.context.request.async.WebAsyncManagerIntegrationFilter@3c74aa0d, org.springframework.security.web.context.SecurityContextPersistenceFilter@715b886f, org.springframework.security.web.header.HeaderWriterFilter@437486cd, org.springframework.security.web.csrf.CsrfFilter@4c1bdcc2, org.springframework.security.web.authentication.logout.LogoutFilter@58f39564, org.springframework.security.web.authentication.UsernamePasswordAuthenticationFilter@1e9469b8, org.springframework.security.web.authentication.ui.DefaultLoginPageGeneratingFilter@46349b95, org.springframework.security.web.authentication.ui.DefaultLogoutPageGeneratingFilter@6c841199, org.springframework.security.web.authentication.www.BasicAuthenticationFilter@5c5d6175, org.springframework.security.web.savedrequest.RequestCacheAwareFilter@1e253c9d, org.springframework.security.web.servletapi.SecurityContextHolderAwareRequestFilter@18b8d173, org.springframework.security.web.authentication.AnonymousAuthenticationFilter@6a818392, org.springframework.security.web.session.SessionManagementFilter@518bfd90, org.springframework.security.web.access.ExceptionTranslationFilter@181b8c4b, org.springframework.security.web.access.intercept.FilterSecurityInterceptor@2d3ef181]
2024-05-08 10:50:57 [main] INFO  m.i.dao.InsurancedaoApplicationTests - Started InsurancedaoApplicationTests in 10.209 seconds (JVM running for 15.87)
2024-05-08 10:51:01 [main] DEBUG m.i.d.s.InsuranceAvailableDbRepo - Retrieved insurance records-
2024-05-08 10:51:01 [main] WARN  m.i.d.s.InsuranceAvailableDbRepo - No data found
2024-05-08 10:51:01 [main] DEBUG m.i.d.s.InsuranceAvailableDbRepo - Retrieved insurance records-
2024-05-08 10:51:01 [main] DEBUG m.i.d.s.InsuranceAvailableDbRepo - Retrieved insurance records-
2024-05-08 10:51:01 [main] WARN  m.i.d.s.InsuranceAvailableDbRepo - No data found
2024-05-08 10:51:01 [main] DEBUG m.i.d.s.InsuranceAvailableDbRepo - Retrieved insurance records-
2024-05-08 10:51:02 [main] ERROR m.i.d.s.InsuranceAvailableDbRepo - SQL syntax error occurred
maybank.insurance.dao.InsurancedaoApplicationTests$1: Test DataAccessException
	at maybank.insurance.dao.services.InsuranceAvailableDbRepo.callAllInsuranceAvailable(InsuranceAvailableDbRepo.java:35)
	at maybank.insurance.dao.InsurancedaoApplicationTests.lambda$callAllInsuranceAvailable_DataAccessException$3(InsurancedaoApplicationTests.java:122)
	at org.junit.jupiter.api.AssertThrows.assertThrows(AssertThrows.java:55)
	at org.junit.jupiter.api.AssertThrows.assertThrows(AssertThrows.java:37)
	at org.junit.jupiter.api.Assertions.assertThrows(Assertions.java:3082)
	at maybank.insurance.dao.InsurancedaoApplicationTests.callAllInsuranceAvailable_DataAccessException(InsurancedaoApplicationTests.java:122)
	at sun.reflect.NativeMethodAccessorImpl.invoke0(Native Method)
	at sun.reflect.NativeMethodAccessorImpl.invoke(NativeMethodAccessorImpl.java:62)
	at sun.reflect.DelegatingMethodAccessorImpl.invoke(DelegatingMethodAccessorImpl.java:43)
	at java.lang.reflect.Method.invoke(Method.java:498)
	at org.junit.platform.commons.util.ReflectionUtils.invokeMethod(ReflectionUtils.java:725)
	at org.junit.jupiter.engine.execution.MethodInvocation.proceed(MethodInvocation.java:60)
	at org.junit.jupiter.engine.execution.InvocationInterceptorChain$ValidatingInvocation.proceed(InvocationInterceptorChain.java:131)
	at org.junit.jupiter.engine.extension.TimeoutExtension.intercept(TimeoutExtension.java:149)
	at org.junit.jupiter.engine.extension.TimeoutExtension.interceptTestableMethod(TimeoutExtension.java:140)
	at org.junit.jupiter.engine.extension.TimeoutExtension.interceptTestMethod(TimeoutExtension.java:84)
	at org.junit.jupiter.engine.execution.ExecutableInvoker$ReflectiveInterceptorCall.lambda$ofVoidMethod$0(ExecutableInvoker.java:115)
	at org.junit.jupiter.engine.execution.ExecutableInvoker.lambda$invoke$0(ExecutableInvoker.java:105)
	at org.junit.jupiter.engine.execution.InvocationInterceptorChain$InterceptedInvocation.proceed(InvocationInterceptorChain.java:106)
	at org.junit.jupiter.engine.execution.InvocationInterceptorChain.proceed(InvocationInterceptorChain.java:64)
	at org.junit.jupiter.engine.execution.InvocationInterceptorChain.chainAndInvoke(InvocationInterceptorChain.java:45)
	at org.junit.jupiter.engine.execution.InvocationInterceptorChain.invoke(InvocationInterceptorChain.java:37)
	at org.junit.jupiter.engine.execution.ExecutableInvoker.invoke(ExecutableInvoker.java:104)
	at org.junit.jupiter.engine.execution.ExecutableInvoker.invoke(ExecutableInvoker.java:98)
	at org.junit.jupiter.engine.descriptor.TestMethodTestDescriptor.lambda$invokeTestMethod$7(TestMethodTestDescriptor.java:214)
	at org.junit.platform.engine.support.hierarchical.ThrowableCollector.execute(ThrowableCollector.java:73)
	at org.junit.jupiter.engine.descriptor.TestMethodTestDescriptor.invokeTestMethod(TestMethodTestDescriptor.java:210)
	at org.junit.jupiter.engine.descriptor.TestMethodTestDescriptor.execute(TestMethodTestDescriptor.java:135)
	at org.junit.jupiter.engine.descriptor.TestMethodTestDescriptor.execute(TestMethodTestDescriptor.java:66)
	at org.junit.platform.engine.support.hierarchical.NodeTestTask.lambda$executeRecursively$6(NodeTestTask.java:151)
	at org.junit.platform.engine.support.hierarchical.ThrowableCollector.execute(ThrowableCollector.java:73)
	at org.junit.platform.engine.support.hierarchical.NodeTestTask.lambda$executeRecursively$8(NodeTestTask.java:141)
	at org.junit.platform.engine.support.hierarchical.Node.around(Node.java:137)
	at org.junit.platform.engine.support.hierarchical.NodeTestTask.lambda$executeRecursively$9(NodeTestTask.java:139)
	at org.junit.platform.engine.support.hierarchical.ThrowableCollector.execute(ThrowableCollector.java:73)
	at org.junit.platform.engine.support.hierarchical.NodeTestTask.executeRecursively(NodeTestTask.java:138)
	at org.junit.platform.engine.support.hierarchical.NodeTestTask.execute(NodeTestTask.java:95)
	at java.util.ArrayList.forEach(ArrayList.java:1259)
	at org.junit.platform.engine.support.hierarchical.SameThreadHierarchicalTestExecutorService.invokeAll(SameThreadHierarchicalTestExecutorService.java:41)
	at org.junit.platform.engine.support.hierarchical.NodeTestTask.lambda$executeRecursively$6(NodeTestTask.java:155)
	at org.junit.platform.engine.support.hierarchical.ThrowableCollector.execute(ThrowableCollector.java:73)
	at org.junit.platform.engine.support.hierarchical.NodeTestTask.lambda$executeRecursively$8(NodeTestTask.java:141)
	at org.junit.platform.engine.support.hierarchical.Node.around(Node.java:137)
	at org.junit.platform.engine.support.hierarchical.NodeTestTask.lambda$executeRecursively$9(NodeTestTask.java:139)
	at org.junit.platform.engine.support.hierarchical.ThrowableCollector.execute(ThrowableCollector.java:73)
	at org.junit.platform.engine.support.hierarchical.NodeTestTask.executeRecursively(NodeTestTask.java:138)
	at org.junit.platform.engine.support.hierarchical.NodeTestTask.execute(NodeTestTask.java:95)
	at java.util.ArrayList.forEach(ArrayList.java:1259)
	at org.junit.platform.engine.support.hierarchical.SameThreadHierarchicalTestExecutorService.invokeAll(SameThreadHierarchicalTestExecutorService.java:41)
	at org.junit.platform.engine.support.hierarchical.NodeTestTask.lambda$executeRecursively$6(NodeTestTask.java:155)
	at org.junit.platform.engine.support.hierarchical.ThrowableCollector.execute(ThrowableCollector.java:73)
	at org.junit.platform.engine.support.hierarchical.NodeTestTask.lambda$executeRecursively$8(NodeTestTask.java:141)
	at org.junit.platform.engine.support.hierarchical.Node.around(Node.java:137)
	at org.junit.platform.engine.support.hierarchical.NodeTestTask.lambda$executeRecursively$9(NodeTestTask.java:139)
	at org.junit.platform.engine.support.hierarchical.ThrowableCollector.execute(ThrowableCollector.java:73)
	at org.junit.platform.engine.support.hierarchical.NodeTestTask.executeRecursively(NodeTestTask.java:138)
	at org.junit.platform.engine.support.hierarchical.NodeTestTask.execute(NodeTestTask.java:95)
	at org.junit.platform.engine.support.hierarchical.SameThreadHierarchicalTestExecutorService.submit(SameThreadHierarchicalTestExecutorService.java:35)
	at org.junit.platform.engine.support.hierarchical.HierarchicalTestExecutor.execute(HierarchicalTestExecutor.java:57)
	at org.junit.platform.engine.support.hierarchical.HierarchicalTestEngine.execute(HierarchicalTestEngine.java:54)
	at org.junit.platform.launcher.core.EngineExecutionOrchestrator.execute(EngineExecutionOrchestrator.java:107)
	at org.junit.platform.launcher.core.EngineExecutionOrchestrator.execute(EngineExecutionOrchestrator.java:88)
	at org.junit.platform.launcher.core.EngineExecutionOrchestrator.lambda$execute$0(EngineExecutionOrchestrator.java:54)
	at org.junit.platform.launcher.core.EngineExecutionOrchestrator.withInterceptedStreams(EngineExecutionOrchestrator.java:67)
	at org.junit.platform.launcher.core.EngineExecutionOrchestrator.execute(EngineExecutionOrchestrator.java:52)
	at org.junit.platform.launcher.core.DefaultLauncher.execute(DefaultLauncher.java:114)
	at org.junit.platform.launcher.core.DefaultLauncher.execute(DefaultLauncher.java:86)
	at org.junit.platform.launcher.core.DefaultLauncherSession$DelegatingLauncher.execute(DefaultLauncherSession.java:86)
	at org.junit.platform.launcher.core.SessionPerRequestLauncher.execute(SessionPerRequestLauncher.java:53)
	at com.intellij.junit5.JUnit5IdeaTestRunner.startRunnerWithArgs(JUnit5IdeaTestRunner.java:69)
	at com.intellij.rt.junit.IdeaTestRunner$Repeater.startRunnerWithArgs(IdeaTestRunner.java:33)
	at com.intellij.rt.junit.JUnitStarter.prepareStreamsAndStart(JUnitStarter.java:230)
	at com.intellij.rt.junit.JUnitStarter.main(JUnitStarter.java:58)
2024-05-08 10:51:02 [main] INFO  o.s.b.t.c.SpringBootTestContextBootstrapper - Neither @ContextConfiguration nor @ContextHierarchy found for test class [maybank.insurance.dao.InsuranceAvailedTest], using SpringBootContextLoader
2024-05-08 10:51:02 [main] INFO  o.s.t.c.s.AbstractContextLoader - Could not detect default resource locations for test class [maybank.insurance.dao.InsuranceAvailedTest]: no resource found for suffixes {-context.xml, Context.groovy}.
2024-05-08 10:51:02 [main] INFO  o.s.t.c.s.AnnotationConfigContextLoaderUtils - Could not detect default configuration classes for test class [maybank.insurance.dao.InsuranceAvailedTest]: InsuranceAvailedTest does not declare any static, non-private, non-final, nested classes annotated with @Configuration.
2024-05-08 10:51:02 [main] INFO  o.s.b.t.c.SpringBootTestContextBootstrapper - Found @SpringBootConfiguration maybank.insurance.dao.InsurancedaoApplication for test class maybank.insurance.dao.InsuranceAvailedTest
2024-05-08 10:51:02 [main] INFO  o.s.b.t.c.SpringBootTestContextBootstrapper - Loaded default TestExecutionListener class names from location [META-INF/spring.factories]: [org.springframework.boot.test.mock.mockito.MockitoTestExecutionListener, org.springframework.boot.test.mock.mockito.ResetMocksTestExecutionListener, org.springframework.boot.test.autoconfigure.restdocs.RestDocsTestExecutionListener, org.springframework.boot.test.autoconfigure.web.client.MockRestServiceServerResetTestExecutionListener, org.springframework.boot.test.autoconfigure.web.servlet.MockMvcPrintOnlyOnFailureTestExecutionListener, org.springframework.boot.test.autoconfigure.web.servlet.WebDriverTestExecutionListener, org.springframework.boot.test.autoconfigure.webservices.client.MockWebServiceServerTestExecutionListener, org.springframework.test.context.web.ServletTestExecutionListener, org.springframework.test.context.support.DirtiesContextBeforeModesTestExecutionListener, org.springframework.test.context.event.ApplicationEventsTestExecutionListener, org.springframework.test.context.support.DependencyInjectionTestExecutionListener, org.springframework.test.context.support.DirtiesContextTestExecutionListener, org.springframework.test.context.transaction.TransactionalTestExecutionListener, org.springframework.test.context.jdbc.SqlScriptsTestExecutionListener, org.springframework.test.context.event.EventPublishingTestExecutionListener]
2024-05-08 10:51:02 [main] INFO  o.s.b.t.c.SpringBootTestContextBootstrapper - Using TestExecutionListeners: [org.springframework.test.context.web.ServletTestExecutionListener@6eda012b, org.springframework.test.context.support.DirtiesContextBeforeModesTestExecutionListener@781dbe44, org.springframework.test.context.event.ApplicationEventsTestExecutionListener@7d66a126, org.springframework.boot.test.mock.mockito.MockitoTestExecutionListener@1132baa3, org.springframework.boot.test.autoconfigure.SpringBootDependencyInjectionTestExecutionListener@2fdf22f7, org.springframework.test.context.support.DirtiesContextTestExecutionListener@3a2546d6, org.springframework.test.context.transaction.TransactionalTestExecutionListener@7282af25, org.springframework.test.context.jdbc.SqlScriptsTestExecutionListener@7661e474, org.springframework.test.context.event.EventPublishingTestExecutionListener@20ffb8d5, org.springframework.boot.test.mock.mockito.ResetMocksTestExecutionListener@307c59ea, org.springframework.boot.test.autoconfigure.restdocs.RestDocsTestExecutionListener@57e03347, org.springframework.boot.test.autoconfigure.web.client.MockRestServiceServerResetTestExecutionListener@2edb2f8b, org.springframework.boot.test.autoconfigure.web.servlet.MockMvcPrintOnlyOnFailureTestExecutionListener@733f1395, org.springframework.boot.test.autoconfigure.web.servlet.WebDriverTestExecutionListener@21dea711, org.springframework.boot.test.autoconfigure.webservices.client.MockWebServiceServerTestExecutionListener@7772d266]
2024-05-08 10:51:02 [main] WARN  m.i.d.s.InsuranceAvailedDbRepo - Failed to insert insurance availed:Test Data Access Exception
2024-05-08 10:51:02 [main] INFO  o.s.b.t.c.SpringBootTestContextBootstrapper - Neither @ContextConfiguration nor @ContextHierarchy found for test class [maybank.insurance.dao.CustomerTests], using SpringBootContextLoader
2024-05-08 10:51:02 [main] INFO  o.s.t.c.s.AbstractContextLoader - Could not detect default resource locations for test class [maybank.insurance.dao.CustomerTests]: no resource found for suffixes {-context.xml, Context.groovy}.
2024-05-08 10:51:02 [main] INFO  o.s.t.c.s.AnnotationConfigContextLoaderUtils - Could not detect default configuration classes for test class [maybank.insurance.dao.CustomerTests]: CustomerTests does not declare any static, non-private, non-final, nested classes annotated with @Configuration.
2024-05-08 10:51:02 [main] INFO  o.s.b.t.c.SpringBootTestContextBootstrapper - Found @SpringBootConfiguration maybank.insurance.dao.InsurancedaoApplication for test class maybank.insurance.dao.CustomerTests
2024-05-08 10:51:02 [main] INFO  o.s.b.t.c.SpringBootTestContextBootstrapper - Loaded default TestExecutionListener class names from location [META-INF/spring.factories]: [org.springframework.boot.test.mock.mockito.MockitoTestExecutionListener, org.springframework.boot.test.mock.mockito.ResetMocksTestExecutionListener, org.springframework.boot.test.autoconfigure.restdocs.RestDocsTestExecutionListener, org.springframework.boot.test.autoconfigure.web.client.MockRestServiceServerResetTestExecutionListener, org.springframework.boot.test.autoconfigure.web.servlet.MockMvcPrintOnlyOnFailureTestExecutionListener, org.springframework.boot.test.autoconfigure.web.servlet.WebDriverTestExecutionListener, org.springframework.boot.test.autoconfigure.webservices.client.MockWebServiceServerTestExecutionListener, org.springframework.test.context.web.ServletTestExecutionListener, org.springframework.test.context.support.DirtiesContextBeforeModesTestExecutionListener, org.springframework.test.context.event.ApplicationEventsTestExecutionListener, org.springframework.test.context.support.DependencyInjectionTestExecutionListener, org.springframework.test.context.support.DirtiesContextTestExecutionListener, org.springframework.test.context.transaction.TransactionalTestExecutionListener, org.springframework.test.context.jdbc.SqlScriptsTestExecutionListener, org.springframework.test.context.event.EventPublishingTestExecutionListener]
2024-05-08 10:51:02 [main] INFO  o.s.b.t.c.SpringBootTestContextBootstrapper - Using TestExecutionListeners: [org.springframework.test.context.web.ServletTestExecutionListener@b5d9f1e, org.springframework.test.context.support.DirtiesContextBeforeModesTestExecutionListener@350ff014, org.springframework.test.context.event.ApplicationEventsTestExecutionListener@401317a0, org.springframework.boot.test.mock.mockito.MockitoTestExecutionListener@3f866f50, org.springframework.boot.test.autoconfigure.SpringBootDependencyInjectionTestExecutionListener@5844a2d1, org.springframework.test.context.support.DirtiesContextTestExecutionListener@1201769d, org.springframework.test.context.transaction.TransactionalTestExecutionListener@4af7dd6a, org.springframework.test.context.jdbc.SqlScriptsTestExecutionListener@4607d78b, org.springframework.test.context.event.EventPublishingTestExecutionListener@3b28b7b0, org.springframework.boot.test.mock.mockito.ResetMocksTestExecutionListener@22048bd6, org.springframework.boot.test.autoconfigure.restdocs.RestDocsTestExecutionListener@566c1e71, org.springframework.boot.test.autoconfigure.web.client.MockRestServiceServerResetTestExecutionListener@2e2f20b8, org.springframework.boot.test.autoconfigure.web.servlet.MockMvcPrintOnlyOnFailureTestExecutionListener@504497fa, org.springframework.boot.test.autoconfigure.web.servlet.WebDriverTestExecutionListener@5618fc1f, org.springframework.boot.test.autoconfigure.webservices.client.MockWebServiceServerTestExecutionListener@60b1ff3b]
2024-05-08 10:51:02 [main] ERROR m.i.dao.services.CustomerDbRepo - User not found with this username:johndoeorg.springframework.dao.EmptyResultDataAccessException
2024-05-08 10:51:02 [main] ERROR m.i.dao.services.CustomerDbRepo - Error retrieving customer ID by name:Error retrieving customer ID by name:john123
2024-05-08 10:51:02 [main] INFO  m.i.dao.services.CustomerDbRepo - Status has changed
2024-05-08 10:51:02 [main] INFO  m.i.dao.services.CustomerDbRepo - Attempts are updated
2024-05-08 10:51:02 [main] ERROR m.i.dao.services.CustomerDbRepo - Error retrieving customer ID by name:Error retrieving customer ID by name:nonexistinguser
2024-05-08 10:51:03 [SpringApplicationShutdownHook] INFO  com.zaxxer.hikari.HikariDataSource - HikariPool-1 - Shutdown initiated...
2024-05-08 10:51:03 [SpringApplicationShutdownHook] INFO  com.zaxxer.hikari.HikariDataSource - HikariPool-1 - Shutdown completed.
